2015-08-22 07:26:32,657 INFO [main] d.e.c.c.o.NovaFactory [NovaFluentConnectionFactory.java:50] Initializing Provider:openstack-fluent--provider
2015-08-22 07:28:02,609 INFO [main] d.e.c.c.o.NovaFactory [NovaFluentConnectionFactory.java:50] Initializing Provider:openstack-fluent--provider
2015-08-22 09:41:42,508 INFO [main] d.e.c.c.o.f.n.NovaFluentConnectionFactory [NovaFluentConnectionFactory.java:49] Initializing Provider:openstack-fluent--provider
2015-08-22 09:41:43,560 INFO [main] d.e.c.c.o.f.n.NovaFluentConnectionFactory [NovaFluentConnectionFactory.java:49] Initializing Provider:openstack-fluent--provider
2015-08-22 09:41:43,768 INFO [main] d.e.c.c.o.f.n.NovaFluentConnectionFactory [NovaFluentConnectionFactory.java:63] Initializing Provider:openstack-fluent--provider
2015-08-22 09:41:43,951 INFO [main] d.e.c.c.o.f.n.NovaFluentConnectionFactory [NovaFluentConnectionFactory.java:49] Initializing Provider:openstack-fluent--provider
2015-08-27 12:19:44,535 INFO [main] d.e.c.c.o.f.n.NovaFluentConnectionFactory [NovaFluentConnectionFactory.java:49] Initializing Provider:openstack-fluent--provider
2015-08-27 12:22:10,193 INFO [main] d.e.c.c.o.f.n.NovaFluentConnectionFactory [NovaFluentConnectionFactory.java:49] Initializing Provider:openstack-fluent--provider
2015-08-27 12:31:20,991 INFO [main] d.e.c.c.o.f.n.NovaFluentConnectionFactory [NovaFluentConnectionFactory.java:49] Initializing Provider:openstack-fluent--provider
2015-08-27 12:32:46,692 INFO [main] d.e.c.c.o.f.n.NovaFluentConnectionFactory [NovaFluentConnectionFactory.java:49] Initializing Provider:openstack-fluent--provider
2015-08-27 12:33:33,674 INFO [main] d.e.c.c.o.f.n.NovaFluentConnectionFactory [NovaFluentConnectionFactory.java:49] Initializing Provider:openstack-fluent--provider
2015-08-27 12:37:06,351 INFO [main] d.e.c.c.o.f.n.NovaFluentConnectionFactory [NovaFluentConnectionFactory.java:49] Initializing Provider:openstack-fluent--provider
2015-08-27 12:48:34,610 INFO [main] d.e.c.c.o.f.n.NovaFluentConnectionFactory [NovaFluentConnectionFactory.java:49] Initializing Provider:openstack-fluent--provider
2015-08-27 12:49:21,822 INFO [main] d.e.c.c.o.f.n.NovaFluentConnectionFactory [NovaFluentConnectionFactory.java:49] Initializing Provider:openstack-fluent--provider
2015-08-27 12:49:59,627 INFO [main] d.e.c.c.o.f.n.NovaFluentConnectionFactory [NovaFluentConnectionFactory.java:49] Initializing Provider:openstack-fluent--provider
2015-08-27 12:50:33,927 INFO [main] d.e.c.c.o.f.n.NovaFluentConnectionFactory [NovaFluentConnectionFactory.java:49] Initializing Provider:openstack-fluent--provider
2015-08-27 12:51:20,844 INFO [main] d.e.c.c.o.f.n.NovaFluentConnectionFactory [NovaFluentConnectionFactory.java:49] Initializing Provider:openstack-fluent--provider
2015-08-27 12:55:15,492 INFO [main] d.e.c.c.o.f.n.NovaFluentConnectionFactory [NovaFluentConnectionFactory.java:49] Initializing Provider:openstack-fluent--provider
2015-08-27 12:57:44,691 INFO [main] d.e.c.c.o.f.n.NovaFluentConnectionFactory [NovaFluentConnectionFactory.java:49] Initializing Provider:openstack-fluent--provider
2015-08-31 14:58:35,668 INFO [main] d.e.c.c.o.f.n.NovaFluentConnectionFactory [NovaFluentConnectionFactory.java:49] Initializing Provider:openstack-fluent--provider
2015-08-31 14:59:43,107 INFO [main] d.e.c.c.o.f.n.NovaFluentConnectionFactory [NovaFluentConnectionFactory.java:49] Initializing Provider:openstack-fluent--provider
2015-08-31 15:04:42,521 INFO [main] d.e.c.c.o.f.n.NovaFluentConnectionFactory [NovaFluentConnectionFactory.java:49] Initializing Provider:openstack-fluent--provider
2015-08-31 15:04:45,013 INFO [main] d.e.c.c.o.f.n.NovaFluentConnectionFactory [NovaFluentConnectionFactory.java:49] Initializing Provider:openstack-fluent--provider
2015-08-31 15:04:45,117 INFO [main] d.e.c.c.o.f.n.NovaFluentConnectionFactory [NovaFluentConnectionFactory.java:49] Initializing Provider:openstack-fluent--provider
2015-08-31 15:04:45,312 INFO [main] d.e.c.c.o.f.n.NovaFluentConnectionFactory [NovaFluentConnectionFactory.java:63] Initializing Provider:openstack-fluent--provider
2015-08-31 15:04:45,390 INFO [main] d.e.c.c.o.f.n.NovaFluentConnectionFactory [NovaFluentConnectionFactory.java:49] Initializing Provider:openstack-fluent--provider
2015-08-31 15:04:45,595 INFO [main] d.e.c.c.o.f.n.NovaFluentConnectionFactory [NovaFluentConnectionFactory.java:49] Initializing Provider:openstack-fluent--provider
2015-08-31 15:04:46,766 INFO [main] d.e.c.c.o.f.n.NovaFluentConnectionFactory [NovaFluentConnectionFactory.java:49] Initializing Provider:openstack-fluent--provider
2015-08-31 15:13:13,371 INFO [main] d.e.c.c.o.f.n.NovaFluentConnectionFactory [NovaFluentConnectionFactory.java:49] Initializing Provider:openstack-fluent--provider
2015-08-31 15:13:15,567 INFO [main] d.e.c.c.o.f.n.NovaFluentConnectionFactory [NovaFluentConnectionFactory.java:49] Initializing Provider:openstack-fluent--provider
2015-08-31 15:13:15,673 INFO [main] d.e.c.c.o.f.n.NovaFluentConnectionFactory [NovaFluentConnectionFactory.java:49] Initializing Provider:openstack-fluent--provider
2015-08-31 15:13:15,806 INFO [main] d.e.c.c.o.f.n.NovaFluentConnectionFactory [NovaFluentConnectionFactory.java:63] Initializing Provider:openstack-fluent--provider
2015-08-31 15:13:15,882 INFO [main] d.e.c.c.o.f.n.NovaFluentConnectionFactory [NovaFluentConnectionFactory.java:49] Initializing Provider:openstack-fluent--provider
2015-08-31 15:13:16,078 INFO [main] d.e.c.c.o.f.n.NovaFluentConnectionFactory [NovaFluentConnectionFactory.java:49] Initializing Provider:openstack-fluent--provider
2015-08-31 15:13:27,428 INFO [main] d.e.c.c.o.f.n.NovaFluentConnectionFactory [NovaFluentConnectionFactory.java:49] Initializing Provider:openstack-fluent--provider
2015-08-31 15:40:05,309 INFO [main] d.e.c.c.o.f.n.NovaFluentConnectionFactory [NovaFluentConnectionFactory.java:49] Initializing Provider:openstack-fluent--provider
2015-08-31 15:42:46,430 INFO [main] d.e.c.c.o.f.n.NovaFluentConnectionFactory [NovaFluentConnectionFactory.java:49] Initializing Provider:openstack-fluent--provider
2015-08-31 15:43:39,256 INFO [main] d.e.c.c.o.f.n.NovaFluentConnectionFactory [NovaFluentConnectionFactory.java:49] Initializing Provider:openstack-fluent--provider
2015-09-02 18:21:38,797 INFO [main] d.e.c.c.o.f.n.NovaFluentConnectionFactory [NovaFluentConnectionFactory.java:49] Initializing Provider:openstack-fluent--provider
2015-09-02 18:22:32,531 INFO [main] d.e.c.c.o.f.n.NovaFluentConnectionFactory [NovaFluentConnectionFactory.java:49] Initializing Provider:openstack-fluent--provider
2015-09-02 18:27:50,661 INFO [main] d.e.c.c.o.f.n.NovaFluentConnectionFactory [NovaFluentConnectionFactory.java:49] Initializing Provider:openstack-fluent--provider
2015-09-02 18:30:15,038 INFO [main] d.e.c.c.o.f.n.NovaFluentConnectionFactory [NovaFluentConnectionFactory.java:49] Initializing Provider:openstack-fluent--provider
2015-09-02 18:30:56,007 INFO [main] d.e.c.c.o.f.n.NovaFluentConnectionFactory [NovaFluentConnectionFactory.java:49] Initializing Provider:openstack-fluent--provider
2015-09-02 18:34:51,618 INFO [main] d.e.c.c.o.f.n.NovaFluentConnectionFactory [NovaFluentConnectionFactory.java:49] Initializing Provider:openstack-fluent--provider
2015-09-02 18:36:33,688 INFO [main] d.e.c.c.o.f.n.NovaFluentConnectionFactory [NovaFluentConnectionFactory.java:49] Initializing Provider:openstack-fluent--provider
2015-09-02 18:37:10,356 INFO [main] d.e.c.c.o.f.n.NovaFluentConnectionFactory [NovaFluentConnectionFactory.java:49] Initializing Provider:openstack-fluent--provider
2015-09-03 11:28:45,824 INFO [main] d.e.c.c.o.f.n.NovaFluentConnectionFactory [NovaFluentConnectionFactory.java:49] Initializing Provider:openstack-fluent--provider
2015-09-03 11:31:35,163 INFO [main] d.e.c.c.o.f.n.NovaFluentConnectionFactory [NovaFluentConnectionFactory.java:49] Initializing Provider:openstack-fluent--provider
2015-09-03 11:36:55,855 INFO [main] d.e.c.c.o.f.n.NovaFluentConnectionFactory [NovaFluentConnectionFactory.java:49] Initializing Provider:openstack-fluent--provider
2015-09-03 11:43:11,756 INFO [main] d.e.c.c.o.f.n.NovaFluentConnectionFactory [NovaFluentConnectionFactory.java:49] Initializing Provider:openstack-fluent--provider
2015-09-03 11:50:32,639 INFO [main] d.e.c.c.o.f.n.NovaFluentConnectionFactory [NovaFluentConnectionFactory.java:49] Initializing Provider:openstack-fluent--provider
2015-09-05 22:18:38,426 INFO [main] d.e.c.c.o.f.c.OpenstackConnectionFactory [OpenstackConnectionFactory.java:49] Initializing Provider:openstack-fluent--provider
2015-09-05 22:19:46,235 INFO [main] d.e.c.c.o.f.c.OpenstackConnectionFactory [OpenstackConnectionFactory.java:49] Initializing Provider:openstack-fluent--provider
2015-09-05 22:19:47,187 INFO [main] d.e.c.c.o.c.PostgresService [OpenstackServiceFactory.java:91] Failed to load heat template
java.io.FileNotFoundException: ServletContext resource [/classpath*:template.yml] cannot be resolved to URL because it does not exist
	at org.springframework.web.context.support.ServletContextResource.getURL(ServletContextResource.java:156) ~[spring-web-4.0.1.RELEASE.jar:4.0.1.RELEASE]
	at org.springframework.core.io.AbstractResource.getURI(AbstractResource.java:99) ~[spring-core-4.0.1.RELEASE.jar:4.0.1.RELEASE]
	at de.evoila.cf.cpi.openstack.OpenstackServiceFactory.readTemplateFile(OpenstackServiceFactory.java:98) ~[classes/:na]
	at de.evoila.cf.cpi.openstack.OpenstackServiceFactory.initialize(OpenstackServiceFactory.java:89) ~[classes/:na]
	at sun.reflect.NativeMethodAccessorImpl.invoke0(Native Method) ~[na:1.8.0_45]
	at sun.reflect.NativeMethodAccessorImpl.invoke(NativeMethodAccessorImpl.java:62) ~[na:1.8.0_45]
	at sun.reflect.DelegatingMethodAccessorImpl.invoke(DelegatingMethodAccessorImpl.java:43) ~[na:1.8.0_45]
	at java.lang.reflect.Method.invoke(Method.java:497) ~[na:1.8.0_45]
	at org.springframework.beans.factory.annotation.InitDestroyAnnotationBeanPostProcessor$LifecycleElement.invoke(InitDestroyAnnotationBeanPostProcessor.java:349) [spring-beans-4.0.1.RELEASE.jar:4.0.1.RELEASE]
	at org.springframework.beans.factory.annotation.InitDestroyAnnotationBeanPostProcessor$LifecycleMetadata.invokeInitMethods(InitDestroyAnnotationBeanPostProcessor.java:300) [spring-beans-4.0.1.RELEASE.jar:4.0.1.RELEASE]
	at org.springframework.beans.factory.annotation.InitDestroyAnnotationBeanPostProcessor.postProcessBeforeInitialization(InitDestroyAnnotationBeanPostProcessor.java:133) [spring-beans-4.0.1.RELEASE.jar:4.0.1.RELEASE]
	at org.springframework.beans.factory.support.AbstractAutowireCapableBeanFactory.applyBeanPostProcessorsBeforeInitialization(AbstractAutowireCapableBeanFactory.java:407) [spring-beans-4.0.1.RELEASE.jar:4.0.1.RELEASE]
	at org.springframework.beans.factory.support.AbstractAutowireCapableBeanFactory.initializeBean(AbstractAutowireCapableBeanFactory.java:1545) [spring-beans-4.0.1.RELEASE.jar:4.0.1.RELEASE]
	at org.springframework.beans.factory.support.AbstractAutowireCapableBeanFactory.doCreateBean(AbstractAutowireCapableBeanFactory.java:539) [spring-beans-4.0.1.RELEASE.jar:4.0.1.RELEASE]
	at org.springframework.beans.factory.support.AbstractAutowireCapableBeanFactory.createBean(AbstractAutowireCapableBeanFactory.java:475) [spring-beans-4.0.1.RELEASE.jar:4.0.1.RELEASE]
	at org.springframework.beans.factory.support.AbstractBeanFactory$1.getObject(AbstractBeanFactory.java:304) [spring-beans-4.0.1.RELEASE.jar:4.0.1.RELEASE]
	at org.springframework.beans.factory.support.DefaultSingletonBeanRegistry.getSingleton(DefaultSingletonBeanRegistry.java:228) [spring-beans-4.0.1.RELEASE.jar:4.0.1.RELEASE]
	at org.springframework.beans.factory.support.AbstractBeanFactory.doGetBean(AbstractBeanFactory.java:300) [spring-beans-4.0.1.RELEASE.jar:4.0.1.RELEASE]
	at org.springframework.beans.factory.support.AbstractBeanFactory.getBean(AbstractBeanFactory.java:195) [spring-beans-4.0.1.RELEASE.jar:4.0.1.RELEASE]
	at org.springframework.beans.factory.support.DefaultListableBeanFactory.preInstantiateSingletons(DefaultListableBeanFactory.java:700) [spring-beans-4.0.1.RELEASE.jar:4.0.1.RELEASE]
	at org.springframework.context.support.AbstractApplicationContext.finishBeanFactoryInitialization(AbstractApplicationContext.java:760) [spring-context-4.0.1.RELEASE.jar:4.0.1.RELEASE]
	at org.springframework.context.support.AbstractApplicationContext.refresh(AbstractApplicationContext.java:482) [spring-context-4.0.1.RELEASE.jar:4.0.1.RELEASE]
	at org.springframework.test.context.web.AbstractGenericWebContextLoader.loadContext(AbstractGenericWebContextLoader.java:129) [spring-test-4.0.1.RELEASE.jar:4.0.1.RELEASE]
	at org.springframework.test.context.web.AbstractGenericWebContextLoader.loadContext(AbstractGenericWebContextLoader.java:60) [spring-test-4.0.1.RELEASE.jar:4.0.1.RELEASE]
	at org.springframework.test.context.support.AbstractDelegatingSmartContextLoader.delegateLoading(AbstractDelegatingSmartContextLoader.java:100) [spring-test-4.0.1.RELEASE.jar:4.0.1.RELEASE]
	at org.springframework.test.context.support.AbstractDelegatingSmartContextLoader.loadContext(AbstractDelegatingSmartContextLoader.java:250) [spring-test-4.0.1.RELEASE.jar:4.0.1.RELEASE]
	at org.springframework.test.context.CacheAwareContextLoaderDelegate.loadContextInternal(CacheAwareContextLoaderDelegate.java:64) [spring-test-4.0.1.RELEASE.jar:4.0.1.RELEASE]
	at org.springframework.test.context.CacheAwareContextLoaderDelegate.loadContext(CacheAwareContextLoaderDelegate.java:91) [spring-test-4.0.1.RELEASE.jar:4.0.1.RELEASE]
	at org.springframework.test.context.DefaultTestContext.getApplicationContext(DefaultTestContext.java:101) [spring-test-4.0.1.RELEASE.jar:4.0.1.RELEASE]
	at org.springframework.test.context.web.ServletTestExecutionListener.setUpRequestContextIfNecessary(ServletTestExecutionListener.java:155) [spring-test-4.0.1.RELEASE.jar:4.0.1.RELEASE]
	at org.springframework.test.context.web.ServletTestExecutionListener.prepareTestInstance(ServletTestExecutionListener.java:100) [spring-test-4.0.1.RELEASE.jar:4.0.1.RELEASE]
	at org.springframework.test.context.TestContextManager.prepareTestInstance(TestContextManager.java:319) [spring-test-4.0.1.RELEASE.jar:4.0.1.RELEASE]
	at org.springframework.test.context.junit4.SpringJUnit4ClassRunner.createTest(SpringJUnit4ClassRunner.java:212) [spring-test-4.0.1.RELEASE.jar:4.0.1.RELEASE]
	at org.springframework.test.context.junit4.SpringJUnit4ClassRunner$1.runReflectiveCall(SpringJUnit4ClassRunner.java:289) [spring-test-4.0.1.RELEASE.jar:4.0.1.RELEASE]
	at org.junit.internal.runners.model.ReflectiveCallable.run(ReflectiveCallable.java:12) [junit-4.11.jar:na]
	at org.springframework.test.context.junit4.SpringJUnit4ClassRunner.methodBlock(SpringJUnit4ClassRunner.java:291) [spring-test-4.0.1.RELEASE.jar:4.0.1.RELEASE]
	at org.springframework.test.context.junit4.SpringJUnit4ClassRunner.runChild(SpringJUnit4ClassRunner.java:232) [spring-test-4.0.1.RELEASE.jar:4.0.1.RELEASE]
	at org.springframework.test.context.junit4.SpringJUnit4ClassRunner.runChild(SpringJUnit4ClassRunner.java:89) [spring-test-4.0.1.RELEASE.jar:4.0.1.RELEASE]
	at org.junit.runners.ParentRunner$3.run(ParentRunner.java:238) [junit-4.11.jar:na]
	at org.junit.runners.ParentRunner$1.schedule(ParentRunner.java:63) [junit-4.11.jar:na]
	at org.junit.runners.ParentRunner.runChildren(ParentRunner.java:236) [junit-4.11.jar:na]
	at org.junit.runners.ParentRunner.access$000(ParentRunner.java:53) [junit-4.11.jar:na]
	at org.junit.runners.ParentRunner$2.evaluate(ParentRunner.java:229) [junit-4.11.jar:na]
	at org.springframework.test.context.junit4.statements.RunBeforeTestClassCallbacks.evaluate(RunBeforeTestClassCallbacks.java:61) [spring-test-4.0.1.RELEASE.jar:4.0.1.RELEASE]
	at org.springframework.test.context.junit4.statements.RunAfterTestClassCallbacks.evaluate(RunAfterTestClassCallbacks.java:71) [spring-test-4.0.1.RELEASE.jar:4.0.1.RELEASE]
	at org.junit.runners.ParentRunner.run(ParentRunner.java:309) [junit-4.11.jar:na]
	at org.springframework.test.context.junit4.SpringJUnit4ClassRunner.run(SpringJUnit4ClassRunner.java:175) [spring-test-4.0.1.RELEASE.jar:4.0.1.RELEASE]
	at org.eclipse.jdt.internal.junit4.runner.JUnit4TestReference.run(JUnit4TestReference.java:50) [.cp/:na]
	at org.eclipse.jdt.internal.junit.runner.TestExecution.run(TestExecution.java:38) [.cp/:na]
	at org.eclipse.jdt.internal.junit.runner.RemoteTestRunner.runTests(RemoteTestRunner.java:459) [.cp/:na]
	at org.eclipse.jdt.internal.junit.runner.RemoteTestRunner.runTests(RemoteTestRunner.java:675) [.cp/:na]
	at org.eclipse.jdt.internal.junit.runner.RemoteTestRunner.run(RemoteTestRunner.java:382) [.cp/:na]
	at org.eclipse.jdt.internal.junit.runner.RemoteTestRunner.main(RemoteTestRunner.java:192) [.cp/:na]
2015-09-05 22:20:10,612 INFO [main] d.e.c.c.o.f.c.OpenstackConnectionFactory [OpenstackConnectionFactory.java:49] Initializing Provider:openstack-fluent--provider
2015-09-05 22:20:11,463 INFO [main] d.e.c.c.o.c.PostgresService [OpenstackServiceFactory.java:91] Failed to load heat template
java.io.FileNotFoundException: class path resource [classpath*:template.yml] cannot be resolved to URL because it does not exist
	at org.springframework.core.io.ClassPathResource.getURL(ClassPathResource.java:178) ~[spring-core-4.0.1.RELEASE.jar:4.0.1.RELEASE]
	at org.springframework.core.io.AbstractResource.getURI(AbstractResource.java:99) ~[spring-core-4.0.1.RELEASE.jar:4.0.1.RELEASE]
	at de.evoila.cf.cpi.openstack.OpenstackServiceFactory.readTemplateFile(OpenstackServiceFactory.java:98) ~[classes/:na]
	at de.evoila.cf.cpi.openstack.OpenstackServiceFactory.initialize(OpenstackServiceFactory.java:89) ~[classes/:na]
	at sun.reflect.NativeMethodAccessorImpl.invoke0(Native Method) ~[na:1.8.0_45]
	at sun.reflect.NativeMethodAccessorImpl.invoke(NativeMethodAccessorImpl.java:62) ~[na:1.8.0_45]
	at sun.reflect.DelegatingMethodAccessorImpl.invoke(DelegatingMethodAccessorImpl.java:43) ~[na:1.8.0_45]
	at java.lang.reflect.Method.invoke(Method.java:497) ~[na:1.8.0_45]
	at org.springframework.beans.factory.annotation.InitDestroyAnnotationBeanPostProcessor$LifecycleElement.invoke(InitDestroyAnnotationBeanPostProcessor.java:349) [spring-beans-4.0.1.RELEASE.jar:4.0.1.RELEASE]
	at org.springframework.beans.factory.annotation.InitDestroyAnnotationBeanPostProcessor$LifecycleMetadata.invokeInitMethods(InitDestroyAnnotationBeanPostProcessor.java:300) [spring-beans-4.0.1.RELEASE.jar:4.0.1.RELEASE]
	at org.springframework.beans.factory.annotation.InitDestroyAnnotationBeanPostProcessor.postProcessBeforeInitialization(InitDestroyAnnotationBeanPostProcessor.java:133) [spring-beans-4.0.1.RELEASE.jar:4.0.1.RELEASE]
	at org.springframework.beans.factory.support.AbstractAutowireCapableBeanFactory.applyBeanPostProcessorsBeforeInitialization(AbstractAutowireCapableBeanFactory.java:407) [spring-beans-4.0.1.RELEASE.jar:4.0.1.RELEASE]
	at org.springframework.beans.factory.support.AbstractAutowireCapableBeanFactory.initializeBean(AbstractAutowireCapableBeanFactory.java:1545) [spring-beans-4.0.1.RELEASE.jar:4.0.1.RELEASE]
	at org.springframework.beans.factory.support.AbstractAutowireCapableBeanFactory.doCreateBean(AbstractAutowireCapableBeanFactory.java:539) [spring-beans-4.0.1.RELEASE.jar:4.0.1.RELEASE]
	at org.springframework.beans.factory.support.AbstractAutowireCapableBeanFactory.createBean(AbstractAutowireCapableBeanFactory.java:475) [spring-beans-4.0.1.RELEASE.jar:4.0.1.RELEASE]
	at org.springframework.beans.factory.support.AbstractBeanFactory$1.getObject(AbstractBeanFactory.java:304) [spring-beans-4.0.1.RELEASE.jar:4.0.1.RELEASE]
	at org.springframework.beans.factory.support.DefaultSingletonBeanRegistry.getSingleton(DefaultSingletonBeanRegistry.java:228) [spring-beans-4.0.1.RELEASE.jar:4.0.1.RELEASE]
	at org.springframework.beans.factory.support.AbstractBeanFactory.doGetBean(AbstractBeanFactory.java:300) [spring-beans-4.0.1.RELEASE.jar:4.0.1.RELEASE]
	at org.springframework.beans.factory.support.AbstractBeanFactory.getBean(AbstractBeanFactory.java:195) [spring-beans-4.0.1.RELEASE.jar:4.0.1.RELEASE]
	at org.springframework.beans.factory.support.DefaultListableBeanFactory.preInstantiateSingletons(DefaultListableBeanFactory.java:700) [spring-beans-4.0.1.RELEASE.jar:4.0.1.RELEASE]
	at org.springframework.context.support.AbstractApplicationContext.finishBeanFactoryInitialization(AbstractApplicationContext.java:760) [spring-context-4.0.1.RELEASE.jar:4.0.1.RELEASE]
	at org.springframework.context.support.AbstractApplicationContext.refresh(AbstractApplicationContext.java:482) [spring-context-4.0.1.RELEASE.jar:4.0.1.RELEASE]
	at org.springframework.test.context.support.AbstractGenericContextLoader.loadContext(AbstractGenericContextLoader.java:121) [spring-test-4.0.1.RELEASE.jar:4.0.1.RELEASE]
	at org.springframework.test.context.support.AbstractGenericContextLoader.loadContext(AbstractGenericContextLoader.java:60) [spring-test-4.0.1.RELEASE.jar:4.0.1.RELEASE]
	at org.springframework.test.context.support.AbstractDelegatingSmartContextLoader.delegateLoading(AbstractDelegatingSmartContextLoader.java:100) [spring-test-4.0.1.RELEASE.jar:4.0.1.RELEASE]
	at org.springframework.test.context.support.AbstractDelegatingSmartContextLoader.loadContext(AbstractDelegatingSmartContextLoader.java:250) [spring-test-4.0.1.RELEASE.jar:4.0.1.RELEASE]
	at org.springframework.test.context.CacheAwareContextLoaderDelegate.loadContextInternal(CacheAwareContextLoaderDelegate.java:64) [spring-test-4.0.1.RELEASE.jar:4.0.1.RELEASE]
	at org.springframework.test.context.CacheAwareContextLoaderDelegate.loadContext(CacheAwareContextLoaderDelegate.java:91) [spring-test-4.0.1.RELEASE.jar:4.0.1.RELEASE]
	at org.springframework.test.context.DefaultTestContext.getApplicationContext(DefaultTestContext.java:101) [spring-test-4.0.1.RELEASE.jar:4.0.1.RELEASE]
	at org.springframework.test.context.support.DependencyInjectionTestExecutionListener.injectDependencies(DependencyInjectionTestExecutionListener.java:109) [spring-test-4.0.1.RELEASE.jar:4.0.1.RELEASE]
	at org.springframework.test.context.support.DependencyInjectionTestExecutionListener.prepareTestInstance(DependencyInjectionTestExecutionListener.java:75) [spring-test-4.0.1.RELEASE.jar:4.0.1.RELEASE]
	at org.springframework.test.context.TestContextManager.prepareTestInstance(TestContextManager.java:319) [spring-test-4.0.1.RELEASE.jar:4.0.1.RELEASE]
	at org.springframework.test.context.junit4.SpringJUnit4ClassRunner.createTest(SpringJUnit4ClassRunner.java:212) [spring-test-4.0.1.RELEASE.jar:4.0.1.RELEASE]
	at org.springframework.test.context.junit4.SpringJUnit4ClassRunner$1.runReflectiveCall(SpringJUnit4ClassRunner.java:289) [spring-test-4.0.1.RELEASE.jar:4.0.1.RELEASE]
	at org.junit.internal.runners.model.ReflectiveCallable.run(ReflectiveCallable.java:12) [junit-4.11.jar:na]
	at org.springframework.test.context.junit4.SpringJUnit4ClassRunner.methodBlock(SpringJUnit4ClassRunner.java:291) [spring-test-4.0.1.RELEASE.jar:4.0.1.RELEASE]
	at org.springframework.test.context.junit4.SpringJUnit4ClassRunner.runChild(SpringJUnit4ClassRunner.java:232) [spring-test-4.0.1.RELEASE.jar:4.0.1.RELEASE]
	at org.springframework.test.context.junit4.SpringJUnit4ClassRunner.runChild(SpringJUnit4ClassRunner.java:89) [spring-test-4.0.1.RELEASE.jar:4.0.1.RELEASE]
	at org.junit.runners.ParentRunner$3.run(ParentRunner.java:238) [junit-4.11.jar:na]
	at org.junit.runners.ParentRunner$1.schedule(ParentRunner.java:63) [junit-4.11.jar:na]
	at org.junit.runners.ParentRunner.runChildren(ParentRunner.java:236) [junit-4.11.jar:na]
	at org.junit.runners.ParentRunner.access$000(ParentRunner.java:53) [junit-4.11.jar:na]
	at org.junit.runners.ParentRunner$2.evaluate(ParentRunner.java:229) [junit-4.11.jar:na]
	at org.springframework.test.context.junit4.statements.RunBeforeTestClassCallbacks.evaluate(RunBeforeTestClassCallbacks.java:61) [spring-test-4.0.1.RELEASE.jar:4.0.1.RELEASE]
	at org.springframework.test.context.junit4.statements.RunAfterTestClassCallbacks.evaluate(RunAfterTestClassCallbacks.java:71) [spring-test-4.0.1.RELEASE.jar:4.0.1.RELEASE]
	at org.junit.runners.ParentRunner.run(ParentRunner.java:309) [junit-4.11.jar:na]
	at org.springframework.test.context.junit4.SpringJUnit4ClassRunner.run(SpringJUnit4ClassRunner.java:175) [spring-test-4.0.1.RELEASE.jar:4.0.1.RELEASE]
	at org.eclipse.jdt.internal.junit4.runner.JUnit4TestReference.run(JUnit4TestReference.java:50) [.cp/:na]
	at org.eclipse.jdt.internal.junit.runner.TestExecution.run(TestExecution.java:38) [.cp/:na]
	at org.eclipse.jdt.internal.junit.runner.RemoteTestRunner.runTests(RemoteTestRunner.java:459) [.cp/:na]
	at org.eclipse.jdt.internal.junit.runner.RemoteTestRunner.runTests(RemoteTestRunner.java:675) [.cp/:na]
	at org.eclipse.jdt.internal.junit.runner.RemoteTestRunner.run(RemoteTestRunner.java:382) [.cp/:na]
	at org.eclipse.jdt.internal.junit.runner.RemoteTestRunner.main(RemoteTestRunner.java:192) [.cp/:na]
2015-09-05 22:20:47,966 INFO [main] d.e.c.c.o.f.c.OpenstackConnectionFactory [OpenstackConnectionFactory.java:49] Initializing Provider:openstack-fluent--provider
2015-09-05 22:20:48,871 INFO [main] d.e.c.c.o.c.PostgresService [OpenstackServiceFactory.java:91] Failed to load heat template
java.io.FileNotFoundException: class path resource [classpath*:template.yml] cannot be resolved to URL because it does not exist
	at org.springframework.core.io.ClassPathResource.getURL(ClassPathResource.java:178) ~[spring-core-4.0.1.RELEASE.jar:4.0.1.RELEASE]
	at org.springframework.core.io.AbstractResource.getURI(AbstractResource.java:99) ~[spring-core-4.0.1.RELEASE.jar:4.0.1.RELEASE]
	at de.evoila.cf.cpi.openstack.OpenstackServiceFactory.readTemplateFile(OpenstackServiceFactory.java:98) ~[classes/:na]
	at de.evoila.cf.cpi.openstack.OpenstackServiceFactory.initialize(OpenstackServiceFactory.java:89) ~[classes/:na]
	at sun.reflect.NativeMethodAccessorImpl.invoke0(Native Method) ~[na:1.8.0_45]
	at sun.reflect.NativeMethodAccessorImpl.invoke(NativeMethodAccessorImpl.java:62) ~[na:1.8.0_45]
	at sun.reflect.DelegatingMethodAccessorImpl.invoke(DelegatingMethodAccessorImpl.java:43) ~[na:1.8.0_45]
	at java.lang.reflect.Method.invoke(Method.java:497) ~[na:1.8.0_45]
	at org.springframework.beans.factory.annotation.InitDestroyAnnotationBeanPostProcessor$LifecycleElement.invoke(InitDestroyAnnotationBeanPostProcessor.java:349) [spring-beans-4.0.1.RELEASE.jar:4.0.1.RELEASE]
	at org.springframework.beans.factory.annotation.InitDestroyAnnotationBeanPostProcessor$LifecycleMetadata.invokeInitMethods(InitDestroyAnnotationBeanPostProcessor.java:300) [spring-beans-4.0.1.RELEASE.jar:4.0.1.RELEASE]
	at org.springframework.beans.factory.annotation.InitDestroyAnnotationBeanPostProcessor.postProcessBeforeInitialization(InitDestroyAnnotationBeanPostProcessor.java:133) [spring-beans-4.0.1.RELEASE.jar:4.0.1.RELEASE]
	at org.springframework.beans.factory.support.AbstractAutowireCapableBeanFactory.applyBeanPostProcessorsBeforeInitialization(AbstractAutowireCapableBeanFactory.java:407) [spring-beans-4.0.1.RELEASE.jar:4.0.1.RELEASE]
	at org.springframework.beans.factory.support.AbstractAutowireCapableBeanFactory.initializeBean(AbstractAutowireCapableBeanFactory.java:1545) [spring-beans-4.0.1.RELEASE.jar:4.0.1.RELEASE]
	at org.springframework.beans.factory.support.AbstractAutowireCapableBeanFactory.doCreateBean(AbstractAutowireCapableBeanFactory.java:539) [spring-beans-4.0.1.RELEASE.jar:4.0.1.RELEASE]
	at org.springframework.beans.factory.support.AbstractAutowireCapableBeanFactory.createBean(AbstractAutowireCapableBeanFactory.java:475) [spring-beans-4.0.1.RELEASE.jar:4.0.1.RELEASE]
	at org.springframework.beans.factory.support.AbstractBeanFactory$1.getObject(AbstractBeanFactory.java:304) [spring-beans-4.0.1.RELEASE.jar:4.0.1.RELEASE]
	at org.springframework.beans.factory.support.DefaultSingletonBeanRegistry.getSingleton(DefaultSingletonBeanRegistry.java:228) [spring-beans-4.0.1.RELEASE.jar:4.0.1.RELEASE]
	at org.springframework.beans.factory.support.AbstractBeanFactory.doGetBean(AbstractBeanFactory.java:300) [spring-beans-4.0.1.RELEASE.jar:4.0.1.RELEASE]
	at org.springframework.beans.factory.support.AbstractBeanFactory.getBean(AbstractBeanFactory.java:195) [spring-beans-4.0.1.RELEASE.jar:4.0.1.RELEASE]
	at org.springframework.beans.factory.support.DefaultListableBeanFactory.preInstantiateSingletons(DefaultListableBeanFactory.java:700) [spring-beans-4.0.1.RELEASE.jar:4.0.1.RELEASE]
	at org.springframework.context.support.AbstractApplicationContext.finishBeanFactoryInitialization(AbstractApplicationContext.java:760) [spring-context-4.0.1.RELEASE.jar:4.0.1.RELEASE]
	at org.springframework.context.support.AbstractApplicationContext.refresh(AbstractApplicationContext.java:482) [spring-context-4.0.1.RELEASE.jar:4.0.1.RELEASE]
	at org.springframework.test.context.support.AbstractGenericContextLoader.loadContext(AbstractGenericContextLoader.java:121) [spring-test-4.0.1.RELEASE.jar:4.0.1.RELEASE]
	at org.springframework.test.context.support.AbstractGenericContextLoader.loadContext(AbstractGenericContextLoader.java:60) [spring-test-4.0.1.RELEASE.jar:4.0.1.RELEASE]
	at org.springframework.test.context.support.AbstractDelegatingSmartContextLoader.delegateLoading(AbstractDelegatingSmartContextLoader.java:100) [spring-test-4.0.1.RELEASE.jar:4.0.1.RELEASE]
	at org.springframework.test.context.support.AbstractDelegatingSmartContextLoader.loadContext(AbstractDelegatingSmartContextLoader.java:250) [spring-test-4.0.1.RELEASE.jar:4.0.1.RELEASE]
	at org.springframework.test.context.CacheAwareContextLoaderDelegate.loadContextInternal(CacheAwareContextLoaderDelegate.java:64) [spring-test-4.0.1.RELEASE.jar:4.0.1.RELEASE]
	at org.springframework.test.context.CacheAwareContextLoaderDelegate.loadContext(CacheAwareContextLoaderDelegate.java:91) [spring-test-4.0.1.RELEASE.jar:4.0.1.RELEASE]
	at org.springframework.test.context.DefaultTestContext.getApplicationContext(DefaultTestContext.java:101) [spring-test-4.0.1.RELEASE.jar:4.0.1.RELEASE]
	at org.springframework.test.context.support.DependencyInjectionTestExecutionListener.injectDependencies(DependencyInjectionTestExecutionListener.java:109) [spring-test-4.0.1.RELEASE.jar:4.0.1.RELEASE]
	at org.springframework.test.context.support.DependencyInjectionTestExecutionListener.prepareTestInstance(DependencyInjectionTestExecutionListener.java:75) [spring-test-4.0.1.RELEASE.jar:4.0.1.RELEASE]
	at org.springframework.test.context.TestContextManager.prepareTestInstance(TestContextManager.java:319) [spring-test-4.0.1.RELEASE.jar:4.0.1.RELEASE]
	at org.springframework.test.context.junit4.SpringJUnit4ClassRunner.createTest(SpringJUnit4ClassRunner.java:212) [spring-test-4.0.1.RELEASE.jar:4.0.1.RELEASE]
	at org.springframework.test.context.junit4.SpringJUnit4ClassRunner$1.runReflectiveCall(SpringJUnit4ClassRunner.java:289) [spring-test-4.0.1.RELEASE.jar:4.0.1.RELEASE]
	at org.junit.internal.runners.model.ReflectiveCallable.run(ReflectiveCallable.java:12) [junit-4.11.jar:na]
	at org.springframework.test.context.junit4.SpringJUnit4ClassRunner.methodBlock(SpringJUnit4ClassRunner.java:291) [spring-test-4.0.1.RELEASE.jar:4.0.1.RELEASE]
	at org.springframework.test.context.junit4.SpringJUnit4ClassRunner.runChild(SpringJUnit4ClassRunner.java:232) [spring-test-4.0.1.RELEASE.jar:4.0.1.RELEASE]
	at org.springframework.test.context.junit4.SpringJUnit4ClassRunner.runChild(SpringJUnit4ClassRunner.java:89) [spring-test-4.0.1.RELEASE.jar:4.0.1.RELEASE]
	at org.junit.runners.ParentRunner$3.run(ParentRunner.java:238) [junit-4.11.jar:na]
	at org.junit.runners.ParentRunner$1.schedule(ParentRunner.java:63) [junit-4.11.jar:na]
	at org.junit.runners.ParentRunner.runChildren(ParentRunner.java:236) [junit-4.11.jar:na]
	at org.junit.runners.ParentRunner.access$000(ParentRunner.java:53) [junit-4.11.jar:na]
	at org.junit.runners.ParentRunner$2.evaluate(ParentRunner.java:229) [junit-4.11.jar:na]
	at org.springframework.test.context.junit4.statements.RunBeforeTestClassCallbacks.evaluate(RunBeforeTestClassCallbacks.java:61) [spring-test-4.0.1.RELEASE.jar:4.0.1.RELEASE]
	at org.springframework.test.context.junit4.statements.RunAfterTestClassCallbacks.evaluate(RunAfterTestClassCallbacks.java:71) [spring-test-4.0.1.RELEASE.jar:4.0.1.RELEASE]
	at org.junit.runners.ParentRunner.run(ParentRunner.java:309) [junit-4.11.jar:na]
	at org.springframework.test.context.junit4.SpringJUnit4ClassRunner.run(SpringJUnit4ClassRunner.java:175) [spring-test-4.0.1.RELEASE.jar:4.0.1.RELEASE]
	at org.eclipse.jdt.internal.junit4.runner.JUnit4TestReference.run(JUnit4TestReference.java:50) [.cp/:na]
	at org.eclipse.jdt.internal.junit.runner.TestExecution.run(TestExecution.java:38) [.cp/:na]
	at org.eclipse.jdt.internal.junit.runner.RemoteTestRunner.runTests(RemoteTestRunner.java:459) [.cp/:na]
	at org.eclipse.jdt.internal.junit.runner.RemoteTestRunner.runTests(RemoteTestRunner.java:675) [.cp/:na]
	at org.eclipse.jdt.internal.junit.runner.RemoteTestRunner.run(RemoteTestRunner.java:382) [.cp/:na]
	at org.eclipse.jdt.internal.junit.runner.RemoteTestRunner.main(RemoteTestRunner.java:192) [.cp/:na]
2015-09-05 22:22:38,572 INFO [main] d.e.c.c.o.f.c.OpenstackConnectionFactory [OpenstackConnectionFactory.java:49] Initializing Provider:openstack-fluent--provider
2015-09-05 22:27:55,381 INFO [main] d.e.c.c.o.f.c.OpenstackConnectionFactory [OpenstackConnectionFactory.java:49] Initializing Provider:openstack-fluent--provider
2015-09-05 22:30:25,700 INFO [main] d.e.c.c.o.f.c.OpenstackConnectionFactory [OpenstackConnectionFactory.java:49] Initializing Provider:openstack-fluent--provider
2015-09-05 22:32:47,423 INFO [main] d.e.c.c.o.f.c.OpenstackConnectionFactory [OpenstackConnectionFactory.java:49] Initializing Provider:openstack-fluent--provider
2015-09-05 22:33:41,442 INFO [main] d.e.c.c.o.f.c.OpenstackConnectionFactory [OpenstackConnectionFactory.java:49] Initializing Provider:openstack-fluent--provider
2015-09-05 22:34:16,661 INFO [main] d.e.c.c.o.f.c.OpenstackConnectionFactory [OpenstackConnectionFactory.java:49] Initializing Provider:openstack-fluent--provider
2015-09-05 22:36:50,630 INFO [main] d.e.c.c.o.f.c.OpenstackConnectionFactory [OpenstackConnectionFactory.java:49] Initializing Provider:openstack-fluent--provider
2015-09-05 22:38:10,166 INFO [main] d.e.c.c.o.f.c.OpenstackConnectionFactory [OpenstackConnectionFactory.java:49] Initializing Provider:openstack-fluent--provider
2015-09-05 22:39:43,219 INFO [main] d.e.c.c.o.f.c.OpenstackConnectionFactory [OpenstackConnectionFactory.java:49] Initializing Provider:openstack-fluent--provider
2015-09-05 22:45:21,346 INFO [main] d.e.c.c.o.f.c.OpenstackConnectionFactory [OpenstackConnectionFactory.java:49] Initializing Provider:openstack-fluent--provider
2015-09-05 22:47:03,521 INFO [main] d.e.c.c.o.f.c.OpenstackConnectionFactory [OpenstackConnectionFactory.java:49] Initializing Provider:openstack-fluent--provider
2015-09-05 22:53:49,826 INFO [main] d.e.c.c.o.f.c.OpenstackConnectionFactory [OpenstackConnectionFactory.java:49] Initializing Provider:openstack-fluent--provider
2015-09-05 22:58:27,747 INFO [main] d.e.c.c.o.f.c.OpenstackConnectionFactory [OpenstackConnectionFactory.java:49] Initializing Provider:openstack-fluent--provider
2015-09-05 23:09:37,268 INFO [main] d.e.c.c.o.f.c.OpenstackConnectionFactory [OpenstackConnectionFactory.java:49] Initializing Provider:openstack-fluent--provider
2015-09-05 23:10:05,801 INFO [main] d.e.c.c.o.c.PostgresService [OpenstackServiceFactory.java:129] Service Port availability: true
2015-09-05 23:10:22,504 INFO [main] d.e.c.c.o.f.c.OpenstackConnectionFactory [OpenstackConnectionFactory.java:49] Initializing Provider:openstack-fluent--provider
2015-09-05 23:10:38,424 INFO [main] d.e.c.b.s.a.ServicePortAvailabilityVerifier [ServicePortAvailabilityVerifier.java:30] Service port could not be reached
java.net.ConnectException: Connection refused
	at java.net.PlainSocketImpl.socketConnect(Native Method) ~[na:1.8.0_45]
	at java.net.AbstractPlainSocketImpl.doConnect(AbstractPlainSocketImpl.java:345) ~[na:1.8.0_45]
	at java.net.AbstractPlainSocketImpl.connectToAddress(AbstractPlainSocketImpl.java:206) ~[na:1.8.0_45]
	at java.net.AbstractPlainSocketImpl.connect(AbstractPlainSocketImpl.java:188) ~[na:1.8.0_45]
	at java.net.SocksSocketImpl.connect(SocksSocketImpl.java:392) ~[na:1.8.0_45]
	at java.net.Socket.connect(Socket.java:589) ~[na:1.8.0_45]
	at java.net.Socket.connect(Socket.java:538) ~[na:1.8.0_45]
	at java.net.Socket.<init>(Socket.java:434) ~[na:1.8.0_45]
	at java.net.Socket.<init>(Socket.java:211) ~[na:1.8.0_45]
	at de.evoila.cf.broker.service.availability.ServicePortAvailabilityVerifier.execute(ServicePortAvailabilityVerifier.java:25) ~[classes/:na]
	at de.evoila.cf.cpi.openstack.OpenstackServiceFactory.create(OpenstackServiceFactory.java:127) [classes/:na]
	at de.evoila.cf.cpi.openstack.custom.PostgresServiceTest.createTest(PostgresServiceTest.java:32) [test-classes/:na]
	at sun.reflect.NativeMethodAccessorImpl.invoke0(Native Method) ~[na:1.8.0_45]
	at sun.reflect.NativeMethodAccessorImpl.invoke(NativeMethodAccessorImpl.java:62) ~[na:1.8.0_45]
	at sun.reflect.DelegatingMethodAccessorImpl.invoke(DelegatingMethodAccessorImpl.java:43) ~[na:1.8.0_45]
	at java.lang.reflect.Method.invoke(Method.java:497) ~[na:1.8.0_45]
	at org.junit.runners.model.FrameworkMethod$1.runReflectiveCall(FrameworkMethod.java:47) [junit-4.11.jar:na]
	at org.junit.internal.runners.model.ReflectiveCallable.run(ReflectiveCallable.java:12) [junit-4.11.jar:na]
	at org.junit.runners.model.FrameworkMethod.invokeExplosively(FrameworkMethod.java:44) [junit-4.11.jar:na]
	at org.junit.internal.runners.statements.InvokeMethod.evaluate(InvokeMethod.java:17) [junit-4.11.jar:na]
	at org.springframework.test.context.junit4.statements.RunBeforeTestMethodCallbacks.evaluate(RunBeforeTestMethodCallbacks.java:74) [spring-test-4.0.1.RELEASE.jar:4.0.1.RELEASE]
	at org.springframework.test.context.junit4.statements.RunAfterTestMethodCallbacks.evaluate(RunAfterTestMethodCallbacks.java:83) [spring-test-4.0.1.RELEASE.jar:4.0.1.RELEASE]
	at org.springframework.test.context.junit4.statements.SpringRepeat.evaluate(SpringRepeat.java:72) [spring-test-4.0.1.RELEASE.jar:4.0.1.RELEASE]
	at org.springframework.test.context.junit4.SpringJUnit4ClassRunner.runChild(SpringJUnit4ClassRunner.java:232) [spring-test-4.0.1.RELEASE.jar:4.0.1.RELEASE]
	at org.springframework.test.context.junit4.SpringJUnit4ClassRunner.runChild(SpringJUnit4ClassRunner.java:89) [spring-test-4.0.1.RELEASE.jar:4.0.1.RELEASE]
	at org.junit.runners.ParentRunner$3.run(ParentRunner.java:238) [junit-4.11.jar:na]
	at org.junit.runners.ParentRunner$1.schedule(ParentRunner.java:63) [junit-4.11.jar:na]
	at org.junit.runners.ParentRunner.runChildren(ParentRunner.java:236) [junit-4.11.jar:na]
	at org.junit.runners.ParentRunner.access$000(ParentRunner.java:53) [junit-4.11.jar:na]
	at org.junit.runners.ParentRunner$2.evaluate(ParentRunner.java:229) [junit-4.11.jar:na]
	at org.springframework.test.context.junit4.statements.RunBeforeTestClassCallbacks.evaluate(RunBeforeTestClassCallbacks.java:61) [spring-test-4.0.1.RELEASE.jar:4.0.1.RELEASE]
	at org.springframework.test.context.junit4.statements.RunAfterTestClassCallbacks.evaluate(RunAfterTestClassCallbacks.java:71) [spring-test-4.0.1.RELEASE.jar:4.0.1.RELEASE]
	at org.junit.runners.ParentRunner.run(ParentRunner.java:309) [junit-4.11.jar:na]
	at org.springframework.test.context.junit4.SpringJUnit4ClassRunner.run(SpringJUnit4ClassRunner.java:175) [spring-test-4.0.1.RELEASE.jar:4.0.1.RELEASE]
	at org.eclipse.jdt.internal.junit4.runner.JUnit4TestReference.run(JUnit4TestReference.java:50) [.cp/:na]
	at org.eclipse.jdt.internal.junit.runner.TestExecution.run(TestExecution.java:38) [.cp/:na]
	at org.eclipse.jdt.internal.junit.runner.RemoteTestRunner.runTests(RemoteTestRunner.java:459) [.cp/:na]
	at org.eclipse.jdt.internal.junit.runner.RemoteTestRunner.runTests(RemoteTestRunner.java:675) [.cp/:na]
	at org.eclipse.jdt.internal.junit.runner.RemoteTestRunner.run(RemoteTestRunner.java:382) [.cp/:na]
	at org.eclipse.jdt.internal.junit.runner.RemoteTestRunner.main(RemoteTestRunner.java:192) [.cp/:na]
2015-09-05 23:10:43,139 INFO [main] d.e.c.c.o.c.PostgresService [OpenstackServiceFactory.java:129] Service Port availability: false
2015-09-05 23:11:57,723 INFO [main] d.e.c.c.o.f.c.OpenstackConnectionFactory [OpenstackConnectionFactory.java:49] Initializing Provider:openstack-fluent--provider
2015-09-05 23:12:05,086 INFO [main] d.e.c.b.s.a.ServicePortAvailabilityVerifier [ServicePortAvailabilityVerifier.java:30] Service port could not be reached
java.net.ConnectException: Connection refused
	at java.net.PlainSocketImpl.socketConnect(Native Method) ~[na:1.8.0_45]
	at java.net.AbstractPlainSocketImpl.doConnect(AbstractPlainSocketImpl.java:345) ~[na:1.8.0_45]
	at java.net.AbstractPlainSocketImpl.connectToAddress(AbstractPlainSocketImpl.java:206) ~[na:1.8.0_45]
	at java.net.AbstractPlainSocketImpl.connect(AbstractPlainSocketImpl.java:188) ~[na:1.8.0_45]
	at java.net.SocksSocketImpl.connect(SocksSocketImpl.java:392) ~[na:1.8.0_45]
	at java.net.Socket.connect(Socket.java:589) ~[na:1.8.0_45]
	at java.net.Socket.connect(Socket.java:538) ~[na:1.8.0_45]
	at java.net.Socket.<init>(Socket.java:434) ~[na:1.8.0_45]
	at java.net.Socket.<init>(Socket.java:211) ~[na:1.8.0_45]
	at de.evoila.cf.broker.service.availability.ServicePortAvailabilityVerifier.execute(ServicePortAvailabilityVerifier.java:25) ~[classes/:na]
	at de.evoila.cf.cpi.openstack.OpenstackServiceFactory.create(OpenstackServiceFactory.java:127) [classes/:na]
	at de.evoila.cf.cpi.openstack.custom.PostgresServiceTest.createTest(PostgresServiceTest.java:32) [test-classes/:na]
	at sun.reflect.NativeMethodAccessorImpl.invoke0(Native Method) ~[na:1.8.0_45]
	at sun.reflect.NativeMethodAccessorImpl.invoke(NativeMethodAccessorImpl.java:62) ~[na:1.8.0_45]
	at sun.reflect.DelegatingMethodAccessorImpl.invoke(DelegatingMethodAccessorImpl.java:43) ~[na:1.8.0_45]
	at java.lang.reflect.Method.invoke(Method.java:497) ~[na:1.8.0_45]
	at org.junit.runners.model.FrameworkMethod$1.runReflectiveCall(FrameworkMethod.java:47) [junit-4.11.jar:na]
	at org.junit.internal.runners.model.ReflectiveCallable.run(ReflectiveCallable.java:12) [junit-4.11.jar:na]
	at org.junit.runners.model.FrameworkMethod.invokeExplosively(FrameworkMethod.java:44) [junit-4.11.jar:na]
	at org.junit.internal.runners.statements.InvokeMethod.evaluate(InvokeMethod.java:17) [junit-4.11.jar:na]
	at org.springframework.test.context.junit4.statements.RunBeforeTestMethodCallbacks.evaluate(RunBeforeTestMethodCallbacks.java:74) [spring-test-4.0.1.RELEASE.jar:4.0.1.RELEASE]
	at org.springframework.test.context.junit4.statements.RunAfterTestMethodCallbacks.evaluate(RunAfterTestMethodCallbacks.java:83) [spring-test-4.0.1.RELEASE.jar:4.0.1.RELEASE]
	at org.springframework.test.context.junit4.statements.SpringRepeat.evaluate(SpringRepeat.java:72) [spring-test-4.0.1.RELEASE.jar:4.0.1.RELEASE]
	at org.springframework.test.context.junit4.SpringJUnit4ClassRunner.runChild(SpringJUnit4ClassRunner.java:232) [spring-test-4.0.1.RELEASE.jar:4.0.1.RELEASE]
	at org.springframework.test.context.junit4.SpringJUnit4ClassRunner.runChild(SpringJUnit4ClassRunner.java:89) [spring-test-4.0.1.RELEASE.jar:4.0.1.RELEASE]
	at org.junit.runners.ParentRunner$3.run(ParentRunner.java:238) [junit-4.11.jar:na]
	at org.junit.runners.ParentRunner$1.schedule(ParentRunner.java:63) [junit-4.11.jar:na]
	at org.junit.runners.ParentRunner.runChildren(ParentRunner.java:236) [junit-4.11.jar:na]
	at org.junit.runners.ParentRunner.access$000(ParentRunner.java:53) [junit-4.11.jar:na]
	at org.junit.runners.ParentRunner$2.evaluate(ParentRunner.java:229) [junit-4.11.jar:na]
	at org.springframework.test.context.junit4.statements.RunBeforeTestClassCallbacks.evaluate(RunBeforeTestClassCallbacks.java:61) [spring-test-4.0.1.RELEASE.jar:4.0.1.RELEASE]
	at org.springframework.test.context.junit4.statements.RunAfterTestClassCallbacks.evaluate(RunAfterTestClassCallbacks.java:71) [spring-test-4.0.1.RELEASE.jar:4.0.1.RELEASE]
	at org.junit.runners.ParentRunner.run(ParentRunner.java:309) [junit-4.11.jar:na]
	at org.springframework.test.context.junit4.SpringJUnit4ClassRunner.run(SpringJUnit4ClassRunner.java:175) [spring-test-4.0.1.RELEASE.jar:4.0.1.RELEASE]
	at org.eclipse.jdt.internal.junit4.runner.JUnit4TestReference.run(JUnit4TestReference.java:50) [.cp/:na]
	at org.eclipse.jdt.internal.junit.runner.TestExecution.run(TestExecution.java:38) [.cp/:na]
	at org.eclipse.jdt.internal.junit.runner.RemoteTestRunner.runTests(RemoteTestRunner.java:459) [.cp/:na]
	at org.eclipse.jdt.internal.junit.runner.RemoteTestRunner.runTests(RemoteTestRunner.java:675) [.cp/:na]
	at org.eclipse.jdt.internal.junit.runner.RemoteTestRunner.run(RemoteTestRunner.java:382) [.cp/:na]
	at org.eclipse.jdt.internal.junit.runner.RemoteTestRunner.main(RemoteTestRunner.java:192) [.cp/:na]
2015-09-05 23:12:05,087 INFO [main] d.e.c.c.o.c.PostgresService [OpenstackServiceFactory.java:129] Service Port availability: false
2015-09-05 23:12:49,903 INFO [main] d.e.c.b.s.a.ServicePortAvailabilityVerifier [ServicePortAvailabilityVerifier.java:30] Service port could not be reached
java.net.ConnectException: Connection refused
	at java.net.PlainSocketImpl.socketConnect(Native Method) ~[na:1.8.0_45]
	at java.net.AbstractPlainSocketImpl.doConnect(AbstractPlainSocketImpl.java:345) ~[na:1.8.0_45]
	at java.net.AbstractPlainSocketImpl.connectToAddress(AbstractPlainSocketImpl.java:206) ~[na:1.8.0_45]
	at java.net.AbstractPlainSocketImpl.connect(AbstractPlainSocketImpl.java:188) ~[na:1.8.0_45]
	at java.net.SocksSocketImpl.connect(SocksSocketImpl.java:392) ~[na:1.8.0_45]
	at java.net.Socket.connect(Socket.java:589) ~[na:1.8.0_45]
	at java.net.Socket.connect(Socket.java:538) ~[na:1.8.0_45]
	at java.net.Socket.<init>(Socket.java:434) ~[na:1.8.0_45]
	at java.net.Socket.<init>(Socket.java:211) ~[na:1.8.0_45]
	at de.evoila.cf.broker.service.availability.ServicePortAvailabilityVerifier.execute(ServicePortAvailabilityVerifier.java:25) ~[classes/:na]
	at de.evoila.cf.cpi.openstack.OpenstackServiceFactory.create(OpenstackServiceFactory.java:127) [classes/:na]
	at de.evoila.cf.cpi.openstack.custom.PostgresServiceTest.createTest(PostgresServiceTest.java:32) [test-classes/:na]
	at sun.reflect.NativeMethodAccessorImpl.invoke0(Native Method) ~[na:1.8.0_45]
	at sun.reflect.NativeMethodAccessorImpl.invoke(NativeMethodAccessorImpl.java:62) ~[na:1.8.0_45]
	at sun.reflect.DelegatingMethodAccessorImpl.invoke(DelegatingMethodAccessorImpl.java:43) ~[na:1.8.0_45]
	at java.lang.reflect.Method.invoke(Method.java:497) ~[na:1.8.0_45]
	at org.junit.runners.model.FrameworkMethod$1.runReflectiveCall(FrameworkMethod.java:47) [junit-4.11.jar:na]
	at org.junit.internal.runners.model.ReflectiveCallable.run(ReflectiveCallable.java:12) [junit-4.11.jar:na]
	at org.junit.runners.model.FrameworkMethod.invokeExplosively(FrameworkMethod.java:44) [junit-4.11.jar:na]
	at org.junit.internal.runners.statements.InvokeMethod.evaluate(InvokeMethod.java:17) [junit-4.11.jar:na]
	at org.springframework.test.context.junit4.statements.RunBeforeTestMethodCallbacks.evaluate(RunBeforeTestMethodCallbacks.java:74) [spring-test-4.0.1.RELEASE.jar:4.0.1.RELEASE]
	at org.springframework.test.context.junit4.statements.RunAfterTestMethodCallbacks.evaluate(RunAfterTestMethodCallbacks.java:83) [spring-test-4.0.1.RELEASE.jar:4.0.1.RELEASE]
	at org.springframework.test.context.junit4.statements.SpringRepeat.evaluate(SpringRepeat.java:72) [spring-test-4.0.1.RELEASE.jar:4.0.1.RELEASE]
	at org.springframework.test.context.junit4.SpringJUnit4ClassRunner.runChild(SpringJUnit4ClassRunner.java:232) [spring-test-4.0.1.RELEASE.jar:4.0.1.RELEASE]
	at org.springframework.test.context.junit4.SpringJUnit4ClassRunner.runChild(SpringJUnit4ClassRunner.java:89) [spring-test-4.0.1.RELEASE.jar:4.0.1.RELEASE]
	at org.junit.runners.ParentRunner$3.run(ParentRunner.java:238) [junit-4.11.jar:na]
	at org.junit.runners.ParentRunner$1.schedule(ParentRunner.java:63) [junit-4.11.jar:na]
	at org.junit.runners.ParentRunner.runChildren(ParentRunner.java:236) [junit-4.11.jar:na]
	at org.junit.runners.ParentRunner.access$000(ParentRunner.java:53) [junit-4.11.jar:na]
	at org.junit.runners.ParentRunner$2.evaluate(ParentRunner.java:229) [junit-4.11.jar:na]
	at org.springframework.test.context.junit4.statements.RunBeforeTestClassCallbacks.evaluate(RunBeforeTestClassCallbacks.java:61) [spring-test-4.0.1.RELEASE.jar:4.0.1.RELEASE]
	at org.springframework.test.context.junit4.statements.RunAfterTestClassCallbacks.evaluate(RunAfterTestClassCallbacks.java:71) [spring-test-4.0.1.RELEASE.jar:4.0.1.RELEASE]
	at org.junit.runners.ParentRunner.run(ParentRunner.java:309) [junit-4.11.jar:na]
	at org.springframework.test.context.junit4.SpringJUnit4ClassRunner.run(SpringJUnit4ClassRunner.java:175) [spring-test-4.0.1.RELEASE.jar:4.0.1.RELEASE]
	at org.eclipse.jdt.internal.junit4.runner.JUnit4TestReference.run(JUnit4TestReference.java:50) [.cp/:na]
	at org.eclipse.jdt.internal.junit.runner.TestExecution.run(TestExecution.java:38) [.cp/:na]
	at org.eclipse.jdt.internal.junit.runner.RemoteTestRunner.runTests(RemoteTestRunner.java:459) [.cp/:na]
	at org.eclipse.jdt.internal.junit.runner.RemoteTestRunner.runTests(RemoteTestRunner.java:675) [.cp/:na]
	at org.eclipse.jdt.internal.junit.runner.RemoteTestRunner.run(RemoteTestRunner.java:382) [.cp/:na]
	at org.eclipse.jdt.internal.junit.runner.RemoteTestRunner.main(RemoteTestRunner.java:192) [.cp/:na]
2015-09-05 23:12:49,904 INFO [main] d.e.c.c.o.c.PostgresService [OpenstackServiceFactory.java:129] Service Port availability: false
2015-09-05 23:24:41,190 INFO [main] d.e.c.c.o.f.c.OpenstackConnectionFactory [OpenstackConnectionFactory.java:49] Initializing Provider:openstack-fluent--provider
2015-09-05 23:24:48,708 INFO [main] d.e.c.b.s.a.ServicePortAvailabilityVerifier [ServicePortAvailabilityVerifier.java:30] Service port could not be reached
java.net.ConnectException: Connection refused
	at java.net.PlainSocketImpl.socketConnect(Native Method) ~[na:1.8.0_45]
	at java.net.AbstractPlainSocketImpl.doConnect(AbstractPlainSocketImpl.java:345) ~[na:1.8.0_45]
	at java.net.AbstractPlainSocketImpl.connectToAddress(AbstractPlainSocketImpl.java:206) ~[na:1.8.0_45]
	at java.net.AbstractPlainSocketImpl.connect(AbstractPlainSocketImpl.java:188) ~[na:1.8.0_45]
	at java.net.SocksSocketImpl.connect(SocksSocketImpl.java:392) ~[na:1.8.0_45]
	at java.net.Socket.connect(Socket.java:589) ~[na:1.8.0_45]
	at java.net.Socket.connect(Socket.java:538) ~[na:1.8.0_45]
	at java.net.Socket.<init>(Socket.java:434) ~[na:1.8.0_45]
	at java.net.Socket.<init>(Socket.java:211) ~[na:1.8.0_45]
	at de.evoila.cf.broker.service.availability.ServicePortAvailabilityVerifier.execute(ServicePortAvailabilityVerifier.java:25) ~[classes/:na]
	at de.evoila.cf.cpi.openstack.OpenstackServiceFactory.create(OpenstackServiceFactory.java:129) [classes/:na]
	at de.evoila.cf.cpi.openstack.custom.PostgresServiceTest.createTest(PostgresServiceTest.java:32) [test-classes/:na]
	at sun.reflect.NativeMethodAccessorImpl.invoke0(Native Method) ~[na:1.8.0_45]
	at sun.reflect.NativeMethodAccessorImpl.invoke(NativeMethodAccessorImpl.java:62) ~[na:1.8.0_45]
	at sun.reflect.DelegatingMethodAccessorImpl.invoke(DelegatingMethodAccessorImpl.java:43) ~[na:1.8.0_45]
	at java.lang.reflect.Method.invoke(Method.java:497) ~[na:1.8.0_45]
	at org.junit.runners.model.FrameworkMethod$1.runReflectiveCall(FrameworkMethod.java:47) [junit-4.11.jar:na]
	at org.junit.internal.runners.model.ReflectiveCallable.run(ReflectiveCallable.java:12) [junit-4.11.jar:na]
	at org.junit.runners.model.FrameworkMethod.invokeExplosively(FrameworkMethod.java:44) [junit-4.11.jar:na]
	at org.junit.internal.runners.statements.InvokeMethod.evaluate(InvokeMethod.java:17) [junit-4.11.jar:na]
	at org.springframework.test.context.junit4.statements.RunBeforeTestMethodCallbacks.evaluate(RunBeforeTestMethodCallbacks.java:74) [spring-test-4.0.1.RELEASE.jar:4.0.1.RELEASE]
	at org.springframework.test.context.junit4.statements.RunAfterTestMethodCallbacks.evaluate(RunAfterTestMethodCallbacks.java:83) [spring-test-4.0.1.RELEASE.jar:4.0.1.RELEASE]
	at org.springframework.test.context.junit4.statements.SpringRepeat.evaluate(SpringRepeat.java:72) [spring-test-4.0.1.RELEASE.jar:4.0.1.RELEASE]
	at org.springframework.test.context.junit4.SpringJUnit4ClassRunner.runChild(SpringJUnit4ClassRunner.java:232) [spring-test-4.0.1.RELEASE.jar:4.0.1.RELEASE]
	at org.springframework.test.context.junit4.SpringJUnit4ClassRunner.runChild(SpringJUnit4ClassRunner.java:89) [spring-test-4.0.1.RELEASE.jar:4.0.1.RELEASE]
	at org.junit.runners.ParentRunner$3.run(ParentRunner.java:238) [junit-4.11.jar:na]
	at org.junit.runners.ParentRunner$1.schedule(ParentRunner.java:63) [junit-4.11.jar:na]
	at org.junit.runners.ParentRunner.runChildren(ParentRunner.java:236) [junit-4.11.jar:na]
	at org.junit.runners.ParentRunner.access$000(ParentRunner.java:53) [junit-4.11.jar:na]
	at org.junit.runners.ParentRunner$2.evaluate(ParentRunner.java:229) [junit-4.11.jar:na]
	at org.springframework.test.context.junit4.statements.RunBeforeTestClassCallbacks.evaluate(RunBeforeTestClassCallbacks.java:61) [spring-test-4.0.1.RELEASE.jar:4.0.1.RELEASE]
	at org.springframework.test.context.junit4.statements.RunAfterTestClassCallbacks.evaluate(RunAfterTestClassCallbacks.java:71) [spring-test-4.0.1.RELEASE.jar:4.0.1.RELEASE]
	at org.junit.runners.ParentRunner.run(ParentRunner.java:309) [junit-4.11.jar:na]
	at org.springframework.test.context.junit4.SpringJUnit4ClassRunner.run(SpringJUnit4ClassRunner.java:175) [spring-test-4.0.1.RELEASE.jar:4.0.1.RELEASE]
	at org.eclipse.jdt.internal.junit4.runner.JUnit4TestReference.run(JUnit4TestReference.java:50) [.cp/:na]
	at org.eclipse.jdt.internal.junit.runner.TestExecution.run(TestExecution.java:38) [.cp/:na]
	at org.eclipse.jdt.internal.junit.runner.RemoteTestRunner.runTests(RemoteTestRunner.java:459) [.cp/:na]
	at org.eclipse.jdt.internal.junit.runner.RemoteTestRunner.runTests(RemoteTestRunner.java:675) [.cp/:na]
	at org.eclipse.jdt.internal.junit.runner.RemoteTestRunner.run(RemoteTestRunner.java:382) [.cp/:na]
	at org.eclipse.jdt.internal.junit.runner.RemoteTestRunner.main(RemoteTestRunner.java:192) [.cp/:na]
2015-09-05 23:24:48,709 INFO [main] d.e.c.c.o.c.PostgresService [OpenstackServiceFactory.java:131] Service Port availability: false
2015-09-05 23:24:53,714 INFO [main] d.e.c.b.s.a.ServicePortAvailabilityVerifier [ServicePortAvailabilityVerifier.java:30] Service port could not be reached
java.net.ConnectException: Connection refused
	at java.net.PlainSocketImpl.socketConnect(Native Method) ~[na:1.8.0_45]
	at java.net.AbstractPlainSocketImpl.doConnect(AbstractPlainSocketImpl.java:345) ~[na:1.8.0_45]
	at java.net.AbstractPlainSocketImpl.connectToAddress(AbstractPlainSocketImpl.java:206) ~[na:1.8.0_45]
	at java.net.AbstractPlainSocketImpl.connect(AbstractPlainSocketImpl.java:188) ~[na:1.8.0_45]
	at java.net.SocksSocketImpl.connect(SocksSocketImpl.java:392) ~[na:1.8.0_45]
	at java.net.Socket.connect(Socket.java:589) ~[na:1.8.0_45]
	at java.net.Socket.connect(Socket.java:538) ~[na:1.8.0_45]
	at java.net.Socket.<init>(Socket.java:434) ~[na:1.8.0_45]
	at java.net.Socket.<init>(Socket.java:211) ~[na:1.8.0_45]
	at de.evoila.cf.broker.service.availability.ServicePortAvailabilityVerifier.execute(ServicePortAvailabilityVerifier.java:25) ~[classes/:na]
	at de.evoila.cf.cpi.openstack.OpenstackServiceFactory.create(OpenstackServiceFactory.java:129) [classes/:na]
	at de.evoila.cf.cpi.openstack.custom.PostgresServiceTest.createTest(PostgresServiceTest.java:32) [test-classes/:na]
	at sun.reflect.NativeMethodAccessorImpl.invoke0(Native Method) ~[na:1.8.0_45]
	at sun.reflect.NativeMethodAccessorImpl.invoke(NativeMethodAccessorImpl.java:62) ~[na:1.8.0_45]
	at sun.reflect.DelegatingMethodAccessorImpl.invoke(DelegatingMethodAccessorImpl.java:43) ~[na:1.8.0_45]
	at java.lang.reflect.Method.invoke(Method.java:497) ~[na:1.8.0_45]
	at org.junit.runners.model.FrameworkMethod$1.runReflectiveCall(FrameworkMethod.java:47) [junit-4.11.jar:na]
	at org.junit.internal.runners.model.ReflectiveCallable.run(ReflectiveCallable.java:12) [junit-4.11.jar:na]
	at org.junit.runners.model.FrameworkMethod.invokeExplosively(FrameworkMethod.java:44) [junit-4.11.jar:na]
	at org.junit.internal.runners.statements.InvokeMethod.evaluate(InvokeMethod.java:17) [junit-4.11.jar:na]
	at org.springframework.test.context.junit4.statements.RunBeforeTestMethodCallbacks.evaluate(RunBeforeTestMethodCallbacks.java:74) [spring-test-4.0.1.RELEASE.jar:4.0.1.RELEASE]
	at org.springframework.test.context.junit4.statements.RunAfterTestMethodCallbacks.evaluate(RunAfterTestMethodCallbacks.java:83) [spring-test-4.0.1.RELEASE.jar:4.0.1.RELEASE]
	at org.springframework.test.context.junit4.statements.SpringRepeat.evaluate(SpringRepeat.java:72) [spring-test-4.0.1.RELEASE.jar:4.0.1.RELEASE]
	at org.springframework.test.context.junit4.SpringJUnit4ClassRunner.runChild(SpringJUnit4ClassRunner.java:232) [spring-test-4.0.1.RELEASE.jar:4.0.1.RELEASE]
	at org.springframework.test.context.junit4.SpringJUnit4ClassRunner.runChild(SpringJUnit4ClassRunner.java:89) [spring-test-4.0.1.RELEASE.jar:4.0.1.RELEASE]
	at org.junit.runners.ParentRunner$3.run(ParentRunner.java:238) [junit-4.11.jar:na]
	at org.junit.runners.ParentRunner$1.schedule(ParentRunner.java:63) [junit-4.11.jar:na]
	at org.junit.runners.ParentRunner.runChildren(ParentRunner.java:236) [junit-4.11.jar:na]
	at org.junit.runners.ParentRunner.access$000(ParentRunner.java:53) [junit-4.11.jar:na]
	at org.junit.runners.ParentRunner$2.evaluate(ParentRunner.java:229) [junit-4.11.jar:na]
	at org.springframework.test.context.junit4.statements.RunBeforeTestClassCallbacks.evaluate(RunBeforeTestClassCallbacks.java:61) [spring-test-4.0.1.RELEASE.jar:4.0.1.RELEASE]
	at org.springframework.test.context.junit4.statements.RunAfterTestClassCallbacks.evaluate(RunAfterTestClassCallbacks.java:71) [spring-test-4.0.1.RELEASE.jar:4.0.1.RELEASE]
	at org.junit.runners.ParentRunner.run(ParentRunner.java:309) [junit-4.11.jar:na]
	at org.springframework.test.context.junit4.SpringJUnit4ClassRunner.run(SpringJUnit4ClassRunner.java:175) [spring-test-4.0.1.RELEASE.jar:4.0.1.RELEASE]
	at org.eclipse.jdt.internal.junit4.runner.JUnit4TestReference.run(JUnit4TestReference.java:50) [.cp/:na]
	at org.eclipse.jdt.internal.junit.runner.TestExecution.run(TestExecution.java:38) [.cp/:na]
	at org.eclipse.jdt.internal.junit.runner.RemoteTestRunner.runTests(RemoteTestRunner.java:459) [.cp/:na]
	at org.eclipse.jdt.internal.junit.runner.RemoteTestRunner.runTests(RemoteTestRunner.java:675) [.cp/:na]
	at org.eclipse.jdt.internal.junit.runner.RemoteTestRunner.run(RemoteTestRunner.java:382) [.cp/:na]
	at org.eclipse.jdt.internal.junit.runner.RemoteTestRunner.main(RemoteTestRunner.java:192) [.cp/:na]
2015-09-05 23:24:53,714 INFO [main] d.e.c.c.o.c.PostgresService [OpenstackServiceFactory.java:131] Service Port availability: false
2015-09-05 23:24:58,718 INFO [main] d.e.c.b.s.a.ServicePortAvailabilityVerifier [ServicePortAvailabilityVerifier.java:30] Service port could not be reached
java.net.ConnectException: Connection refused
	at java.net.PlainSocketImpl.socketConnect(Native Method) ~[na:1.8.0_45]
	at java.net.AbstractPlainSocketImpl.doConnect(AbstractPlainSocketImpl.java:345) ~[na:1.8.0_45]
	at java.net.AbstractPlainSocketImpl.connectToAddress(AbstractPlainSocketImpl.java:206) ~[na:1.8.0_45]
	at java.net.AbstractPlainSocketImpl.connect(AbstractPlainSocketImpl.java:188) ~[na:1.8.0_45]
	at java.net.SocksSocketImpl.connect(SocksSocketImpl.java:392) ~[na:1.8.0_45]
	at java.net.Socket.connect(Socket.java:589) ~[na:1.8.0_45]
	at java.net.Socket.connect(Socket.java:538) ~[na:1.8.0_45]
	at java.net.Socket.<init>(Socket.java:434) ~[na:1.8.0_45]
	at java.net.Socket.<init>(Socket.java:211) ~[na:1.8.0_45]
	at de.evoila.cf.broker.service.availability.ServicePortAvailabilityVerifier.execute(ServicePortAvailabilityVerifier.java:25) ~[classes/:na]
	at de.evoila.cf.cpi.openstack.OpenstackServiceFactory.create(OpenstackServiceFactory.java:129) [classes/:na]
	at de.evoila.cf.cpi.openstack.custom.PostgresServiceTest.createTest(PostgresServiceTest.java:32) [test-classes/:na]
	at sun.reflect.NativeMethodAccessorImpl.invoke0(Native Method) ~[na:1.8.0_45]
	at sun.reflect.NativeMethodAccessorImpl.invoke(NativeMethodAccessorImpl.java:62) ~[na:1.8.0_45]
	at sun.reflect.DelegatingMethodAccessorImpl.invoke(DelegatingMethodAccessorImpl.java:43) ~[na:1.8.0_45]
	at java.lang.reflect.Method.invoke(Method.java:497) ~[na:1.8.0_45]
	at org.junit.runners.model.FrameworkMethod$1.runReflectiveCall(FrameworkMethod.java:47) [junit-4.11.jar:na]
	at org.junit.internal.runners.model.ReflectiveCallable.run(ReflectiveCallable.java:12) [junit-4.11.jar:na]
	at org.junit.runners.model.FrameworkMethod.invokeExplosively(FrameworkMethod.java:44) [junit-4.11.jar:na]
	at org.junit.internal.runners.statements.InvokeMethod.evaluate(InvokeMethod.java:17) [junit-4.11.jar:na]
	at org.springframework.test.context.junit4.statements.RunBeforeTestMethodCallbacks.evaluate(RunBeforeTestMethodCallbacks.java:74) [spring-test-4.0.1.RELEASE.jar:4.0.1.RELEASE]
	at org.springframework.test.context.junit4.statements.RunAfterTestMethodCallbacks.evaluate(RunAfterTestMethodCallbacks.java:83) [spring-test-4.0.1.RELEASE.jar:4.0.1.RELEASE]
	at org.springframework.test.context.junit4.statements.SpringRepeat.evaluate(SpringRepeat.java:72) [spring-test-4.0.1.RELEASE.jar:4.0.1.RELEASE]
	at org.springframework.test.context.junit4.SpringJUnit4ClassRunner.runChild(SpringJUnit4ClassRunner.java:232) [spring-test-4.0.1.RELEASE.jar:4.0.1.RELEASE]
	at org.springframework.test.context.junit4.SpringJUnit4ClassRunner.runChild(SpringJUnit4ClassRunner.java:89) [spring-test-4.0.1.RELEASE.jar:4.0.1.RELEASE]
	at org.junit.runners.ParentRunner$3.run(ParentRunner.java:238) [junit-4.11.jar:na]
	at org.junit.runners.ParentRunner$1.schedule(ParentRunner.java:63) [junit-4.11.jar:na]
	at org.junit.runners.ParentRunner.runChildren(ParentRunner.java:236) [junit-4.11.jar:na]
	at org.junit.runners.ParentRunner.access$000(ParentRunner.java:53) [junit-4.11.jar:na]
	at org.junit.runners.ParentRunner$2.evaluate(ParentRunner.java:229) [junit-4.11.jar:na]
	at org.springframework.test.context.junit4.statements.RunBeforeTestClassCallbacks.evaluate(RunBeforeTestClassCallbacks.java:61) [spring-test-4.0.1.RELEASE.jar:4.0.1.RELEASE]
	at org.springframework.test.context.junit4.statements.RunAfterTestClassCallbacks.evaluate(RunAfterTestClassCallbacks.java:71) [spring-test-4.0.1.RELEASE.jar:4.0.1.RELEASE]
	at org.junit.runners.ParentRunner.run(ParentRunner.java:309) [junit-4.11.jar:na]
	at org.springframework.test.context.junit4.SpringJUnit4ClassRunner.run(SpringJUnit4ClassRunner.java:175) [spring-test-4.0.1.RELEASE.jar:4.0.1.RELEASE]
	at org.eclipse.jdt.internal.junit4.runner.JUnit4TestReference.run(JUnit4TestReference.java:50) [.cp/:na]
	at org.eclipse.jdt.internal.junit.runner.TestExecution.run(TestExecution.java:38) [.cp/:na]
	at org.eclipse.jdt.internal.junit.runner.RemoteTestRunner.runTests(RemoteTestRunner.java:459) [.cp/:na]
	at org.eclipse.jdt.internal.junit.runner.RemoteTestRunner.runTests(RemoteTestRunner.java:675) [.cp/:na]
	at org.eclipse.jdt.internal.junit.runner.RemoteTestRunner.run(RemoteTestRunner.java:382) [.cp/:na]
	at org.eclipse.jdt.internal.junit.runner.RemoteTestRunner.main(RemoteTestRunner.java:192) [.cp/:na]
2015-09-05 23:24:58,719 INFO [main] d.e.c.c.o.c.PostgresService [OpenstackServiceFactory.java:131] Service Port availability: false
2015-09-05 23:25:03,725 INFO [main] d.e.c.b.s.a.ServicePortAvailabilityVerifier [ServicePortAvailabilityVerifier.java:30] Service port could not be reached
java.net.ConnectException: Connection refused
	at java.net.PlainSocketImpl.socketConnect(Native Method) ~[na:1.8.0_45]
	at java.net.AbstractPlainSocketImpl.doConnect(AbstractPlainSocketImpl.java:345) ~[na:1.8.0_45]
	at java.net.AbstractPlainSocketImpl.connectToAddress(AbstractPlainSocketImpl.java:206) ~[na:1.8.0_45]
	at java.net.AbstractPlainSocketImpl.connect(AbstractPlainSocketImpl.java:188) ~[na:1.8.0_45]
	at java.net.SocksSocketImpl.connect(SocksSocketImpl.java:392) ~[na:1.8.0_45]
	at java.net.Socket.connect(Socket.java:589) ~[na:1.8.0_45]
	at java.net.Socket.connect(Socket.java:538) ~[na:1.8.0_45]
	at java.net.Socket.<init>(Socket.java:434) ~[na:1.8.0_45]
	at java.net.Socket.<init>(Socket.java:211) ~[na:1.8.0_45]
	at de.evoila.cf.broker.service.availability.ServicePortAvailabilityVerifier.execute(ServicePortAvailabilityVerifier.java:25) ~[classes/:na]
	at de.evoila.cf.cpi.openstack.OpenstackServiceFactory.create(OpenstackServiceFactory.java:129) [classes/:na]
	at de.evoila.cf.cpi.openstack.custom.PostgresServiceTest.createTest(PostgresServiceTest.java:32) [test-classes/:na]
	at sun.reflect.NativeMethodAccessorImpl.invoke0(Native Method) ~[na:1.8.0_45]
	at sun.reflect.NativeMethodAccessorImpl.invoke(NativeMethodAccessorImpl.java:62) ~[na:1.8.0_45]
	at sun.reflect.DelegatingMethodAccessorImpl.invoke(DelegatingMethodAccessorImpl.java:43) ~[na:1.8.0_45]
	at java.lang.reflect.Method.invoke(Method.java:497) ~[na:1.8.0_45]
	at org.junit.runners.model.FrameworkMethod$1.runReflectiveCall(FrameworkMethod.java:47) [junit-4.11.jar:na]
	at org.junit.internal.runners.model.ReflectiveCallable.run(ReflectiveCallable.java:12) [junit-4.11.jar:na]
	at org.junit.runners.model.FrameworkMethod.invokeExplosively(FrameworkMethod.java:44) [junit-4.11.jar:na]
	at org.junit.internal.runners.statements.InvokeMethod.evaluate(InvokeMethod.java:17) [junit-4.11.jar:na]
	at org.springframework.test.context.junit4.statements.RunBeforeTestMethodCallbacks.evaluate(RunBeforeTestMethodCallbacks.java:74) [spring-test-4.0.1.RELEASE.jar:4.0.1.RELEASE]
	at org.springframework.test.context.junit4.statements.RunAfterTestMethodCallbacks.evaluate(RunAfterTestMethodCallbacks.java:83) [spring-test-4.0.1.RELEASE.jar:4.0.1.RELEASE]
	at org.springframework.test.context.junit4.statements.SpringRepeat.evaluate(SpringRepeat.java:72) [spring-test-4.0.1.RELEASE.jar:4.0.1.RELEASE]
	at org.springframework.test.context.junit4.SpringJUnit4ClassRunner.runChild(SpringJUnit4ClassRunner.java:232) [spring-test-4.0.1.RELEASE.jar:4.0.1.RELEASE]
	at org.springframework.test.context.junit4.SpringJUnit4ClassRunner.runChild(SpringJUnit4ClassRunner.java:89) [spring-test-4.0.1.RELEASE.jar:4.0.1.RELEASE]
	at org.junit.runners.ParentRunner$3.run(ParentRunner.java:238) [junit-4.11.jar:na]
	at org.junit.runners.ParentRunner$1.schedule(ParentRunner.java:63) [junit-4.11.jar:na]
	at org.junit.runners.ParentRunner.runChildren(ParentRunner.java:236) [junit-4.11.jar:na]
	at org.junit.runners.ParentRunner.access$000(ParentRunner.java:53) [junit-4.11.jar:na]
	at org.junit.runners.ParentRunner$2.evaluate(ParentRunner.java:229) [junit-4.11.jar:na]
	at org.springframework.test.context.junit4.statements.RunBeforeTestClassCallbacks.evaluate(RunBeforeTestClassCallbacks.java:61) [spring-test-4.0.1.RELEASE.jar:4.0.1.RELEASE]
	at org.springframework.test.context.junit4.statements.RunAfterTestClassCallbacks.evaluate(RunAfterTestClassCallbacks.java:71) [spring-test-4.0.1.RELEASE.jar:4.0.1.RELEASE]
	at org.junit.runners.ParentRunner.run(ParentRunner.java:309) [junit-4.11.jar:na]
	at org.springframework.test.context.junit4.SpringJUnit4ClassRunner.run(SpringJUnit4ClassRunner.java:175) [spring-test-4.0.1.RELEASE.jar:4.0.1.RELEASE]
	at org.eclipse.jdt.internal.junit4.runner.JUnit4TestReference.run(JUnit4TestReference.java:50) [.cp/:na]
	at org.eclipse.jdt.internal.junit.runner.TestExecution.run(TestExecution.java:38) [.cp/:na]
	at org.eclipse.jdt.internal.junit.runner.RemoteTestRunner.runTests(RemoteTestRunner.java:459) [.cp/:na]
	at org.eclipse.jdt.internal.junit.runner.RemoteTestRunner.runTests(RemoteTestRunner.java:675) [.cp/:na]
	at org.eclipse.jdt.internal.junit.runner.RemoteTestRunner.run(RemoteTestRunner.java:382) [.cp/:na]
	at org.eclipse.jdt.internal.junit.runner.RemoteTestRunner.main(RemoteTestRunner.java:192) [.cp/:na]
2015-09-05 23:25:03,726 INFO [main] d.e.c.c.o.c.PostgresService [OpenstackServiceFactory.java:131] Service Port availability: false
2015-09-05 23:25:08,732 INFO [main] d.e.c.b.s.a.ServicePortAvailabilityVerifier [ServicePortAvailabilityVerifier.java:30] Service port could not be reached
java.net.ConnectException: Connection refused
	at java.net.PlainSocketImpl.socketConnect(Native Method) ~[na:1.8.0_45]
	at java.net.AbstractPlainSocketImpl.doConnect(AbstractPlainSocketImpl.java:345) ~[na:1.8.0_45]
	at java.net.AbstractPlainSocketImpl.connectToAddress(AbstractPlainSocketImpl.java:206) ~[na:1.8.0_45]
	at java.net.AbstractPlainSocketImpl.connect(AbstractPlainSocketImpl.java:188) ~[na:1.8.0_45]
	at java.net.SocksSocketImpl.connect(SocksSocketImpl.java:392) ~[na:1.8.0_45]
	at java.net.Socket.connect(Socket.java:589) ~[na:1.8.0_45]
	at java.net.Socket.connect(Socket.java:538) ~[na:1.8.0_45]
	at java.net.Socket.<init>(Socket.java:434) ~[na:1.8.0_45]
	at java.net.Socket.<init>(Socket.java:211) ~[na:1.8.0_45]
	at de.evoila.cf.broker.service.availability.ServicePortAvailabilityVerifier.execute(ServicePortAvailabilityVerifier.java:25) ~[classes/:na]
	at de.evoila.cf.cpi.openstack.OpenstackServiceFactory.create(OpenstackServiceFactory.java:129) [classes/:na]
	at de.evoila.cf.cpi.openstack.custom.PostgresServiceTest.createTest(PostgresServiceTest.java:32) [test-classes/:na]
	at sun.reflect.NativeMethodAccessorImpl.invoke0(Native Method) ~[na:1.8.0_45]
	at sun.reflect.NativeMethodAccessorImpl.invoke(NativeMethodAccessorImpl.java:62) ~[na:1.8.0_45]
	at sun.reflect.DelegatingMethodAccessorImpl.invoke(DelegatingMethodAccessorImpl.java:43) ~[na:1.8.0_45]
	at java.lang.reflect.Method.invoke(Method.java:497) ~[na:1.8.0_45]
	at org.junit.runners.model.FrameworkMethod$1.runReflectiveCall(FrameworkMethod.java:47) [junit-4.11.jar:na]
	at org.junit.internal.runners.model.ReflectiveCallable.run(ReflectiveCallable.java:12) [junit-4.11.jar:na]
	at org.junit.runners.model.FrameworkMethod.invokeExplosively(FrameworkMethod.java:44) [junit-4.11.jar:na]
	at org.junit.internal.runners.statements.InvokeMethod.evaluate(InvokeMethod.java:17) [junit-4.11.jar:na]
	at org.springframework.test.context.junit4.statements.RunBeforeTestMethodCallbacks.evaluate(RunBeforeTestMethodCallbacks.java:74) [spring-test-4.0.1.RELEASE.jar:4.0.1.RELEASE]
	at org.springframework.test.context.junit4.statements.RunAfterTestMethodCallbacks.evaluate(RunAfterTestMethodCallbacks.java:83) [spring-test-4.0.1.RELEASE.jar:4.0.1.RELEASE]
	at org.springframework.test.context.junit4.statements.SpringRepeat.evaluate(SpringRepeat.java:72) [spring-test-4.0.1.RELEASE.jar:4.0.1.RELEASE]
	at org.springframework.test.context.junit4.SpringJUnit4ClassRunner.runChild(SpringJUnit4ClassRunner.java:232) [spring-test-4.0.1.RELEASE.jar:4.0.1.RELEASE]
	at org.springframework.test.context.junit4.SpringJUnit4ClassRunner.runChild(SpringJUnit4ClassRunner.java:89) [spring-test-4.0.1.RELEASE.jar:4.0.1.RELEASE]
	at org.junit.runners.ParentRunner$3.run(ParentRunner.java:238) [junit-4.11.jar:na]
	at org.junit.runners.ParentRunner$1.schedule(ParentRunner.java:63) [junit-4.11.jar:na]
	at org.junit.runners.ParentRunner.runChildren(ParentRunner.java:236) [junit-4.11.jar:na]
	at org.junit.runners.ParentRunner.access$000(ParentRunner.java:53) [junit-4.11.jar:na]
	at org.junit.runners.ParentRunner$2.evaluate(ParentRunner.java:229) [junit-4.11.jar:na]
	at org.springframework.test.context.junit4.statements.RunBeforeTestClassCallbacks.evaluate(RunBeforeTestClassCallbacks.java:61) [spring-test-4.0.1.RELEASE.jar:4.0.1.RELEASE]
	at org.springframework.test.context.junit4.statements.RunAfterTestClassCallbacks.evaluate(RunAfterTestClassCallbacks.java:71) [spring-test-4.0.1.RELEASE.jar:4.0.1.RELEASE]
	at org.junit.runners.ParentRunner.run(ParentRunner.java:309) [junit-4.11.jar:na]
	at org.springframework.test.context.junit4.SpringJUnit4ClassRunner.run(SpringJUnit4ClassRunner.java:175) [spring-test-4.0.1.RELEASE.jar:4.0.1.RELEASE]
	at org.eclipse.jdt.internal.junit4.runner.JUnit4TestReference.run(JUnit4TestReference.java:50) [.cp/:na]
	at org.eclipse.jdt.internal.junit.runner.TestExecution.run(TestExecution.java:38) [.cp/:na]
	at org.eclipse.jdt.internal.junit.runner.RemoteTestRunner.runTests(RemoteTestRunner.java:459) [.cp/:na]
	at org.eclipse.jdt.internal.junit.runner.RemoteTestRunner.runTests(RemoteTestRunner.java:675) [.cp/:na]
	at org.eclipse.jdt.internal.junit.runner.RemoteTestRunner.run(RemoteTestRunner.java:382) [.cp/:na]
	at org.eclipse.jdt.internal.junit.runner.RemoteTestRunner.main(RemoteTestRunner.java:192) [.cp/:na]
2015-09-05 23:25:08,733 INFO [main] d.e.c.c.o.c.PostgresService [OpenstackServiceFactory.java:131] Service Port availability: false
2015-09-05 23:25:13,735 INFO [main] d.e.c.b.s.a.ServicePortAvailabilityVerifier [ServicePortAvailabilityVerifier.java:30] Service port could not be reached
java.net.ConnectException: Connection refused
	at java.net.PlainSocketImpl.socketConnect(Native Method) ~[na:1.8.0_45]
	at java.net.AbstractPlainSocketImpl.doConnect(AbstractPlainSocketImpl.java:345) ~[na:1.8.0_45]
	at java.net.AbstractPlainSocketImpl.connectToAddress(AbstractPlainSocketImpl.java:206) ~[na:1.8.0_45]
	at java.net.AbstractPlainSocketImpl.connect(AbstractPlainSocketImpl.java:188) ~[na:1.8.0_45]
	at java.net.SocksSocketImpl.connect(SocksSocketImpl.java:392) ~[na:1.8.0_45]
	at java.net.Socket.connect(Socket.java:589) ~[na:1.8.0_45]
	at java.net.Socket.connect(Socket.java:538) ~[na:1.8.0_45]
	at java.net.Socket.<init>(Socket.java:434) ~[na:1.8.0_45]
	at java.net.Socket.<init>(Socket.java:211) ~[na:1.8.0_45]
	at de.evoila.cf.broker.service.availability.ServicePortAvailabilityVerifier.execute(ServicePortAvailabilityVerifier.java:25) ~[classes/:na]
	at de.evoila.cf.cpi.openstack.OpenstackServiceFactory.create(OpenstackServiceFactory.java:129) [classes/:na]
	at de.evoila.cf.cpi.openstack.custom.PostgresServiceTest.createTest(PostgresServiceTest.java:32) [test-classes/:na]
	at sun.reflect.NativeMethodAccessorImpl.invoke0(Native Method) ~[na:1.8.0_45]
	at sun.reflect.NativeMethodAccessorImpl.invoke(NativeMethodAccessorImpl.java:62) ~[na:1.8.0_45]
	at sun.reflect.DelegatingMethodAccessorImpl.invoke(DelegatingMethodAccessorImpl.java:43) ~[na:1.8.0_45]
	at java.lang.reflect.Method.invoke(Method.java:497) ~[na:1.8.0_45]
	at org.junit.runners.model.FrameworkMethod$1.runReflectiveCall(FrameworkMethod.java:47) [junit-4.11.jar:na]
	at org.junit.internal.runners.model.ReflectiveCallable.run(ReflectiveCallable.java:12) [junit-4.11.jar:na]
	at org.junit.runners.model.FrameworkMethod.invokeExplosively(FrameworkMethod.java:44) [junit-4.11.jar:na]
	at org.junit.internal.runners.statements.InvokeMethod.evaluate(InvokeMethod.java:17) [junit-4.11.jar:na]
	at org.springframework.test.context.junit4.statements.RunBeforeTestMethodCallbacks.evaluate(RunBeforeTestMethodCallbacks.java:74) [spring-test-4.0.1.RELEASE.jar:4.0.1.RELEASE]
	at org.springframework.test.context.junit4.statements.RunAfterTestMethodCallbacks.evaluate(RunAfterTestMethodCallbacks.java:83) [spring-test-4.0.1.RELEASE.jar:4.0.1.RELEASE]
	at org.springframework.test.context.junit4.statements.SpringRepeat.evaluate(SpringRepeat.java:72) [spring-test-4.0.1.RELEASE.jar:4.0.1.RELEASE]
	at org.springframework.test.context.junit4.SpringJUnit4ClassRunner.runChild(SpringJUnit4ClassRunner.java:232) [spring-test-4.0.1.RELEASE.jar:4.0.1.RELEASE]
	at org.springframework.test.context.junit4.SpringJUnit4ClassRunner.runChild(SpringJUnit4ClassRunner.java:89) [spring-test-4.0.1.RELEASE.jar:4.0.1.RELEASE]
	at org.junit.runners.ParentRunner$3.run(ParentRunner.java:238) [junit-4.11.jar:na]
	at org.junit.runners.ParentRunner$1.schedule(ParentRunner.java:63) [junit-4.11.jar:na]
	at org.junit.runners.ParentRunner.runChildren(ParentRunner.java:236) [junit-4.11.jar:na]
	at org.junit.runners.ParentRunner.access$000(ParentRunner.java:53) [junit-4.11.jar:na]
	at org.junit.runners.ParentRunner$2.evaluate(ParentRunner.java:229) [junit-4.11.jar:na]
	at org.springframework.test.context.junit4.statements.RunBeforeTestClassCallbacks.evaluate(RunBeforeTestClassCallbacks.java:61) [spring-test-4.0.1.RELEASE.jar:4.0.1.RELEASE]
	at org.springframework.test.context.junit4.statements.RunAfterTestClassCallbacks.evaluate(RunAfterTestClassCallbacks.java:71) [spring-test-4.0.1.RELEASE.jar:4.0.1.RELEASE]
	at org.junit.runners.ParentRunner.run(ParentRunner.java:309) [junit-4.11.jar:na]
	at org.springframework.test.context.junit4.SpringJUnit4ClassRunner.run(SpringJUnit4ClassRunner.java:175) [spring-test-4.0.1.RELEASE.jar:4.0.1.RELEASE]
	at org.eclipse.jdt.internal.junit4.runner.JUnit4TestReference.run(JUnit4TestReference.java:50) [.cp/:na]
	at org.eclipse.jdt.internal.junit.runner.TestExecution.run(TestExecution.java:38) [.cp/:na]
	at org.eclipse.jdt.internal.junit.runner.RemoteTestRunner.runTests(RemoteTestRunner.java:459) [.cp/:na]
	at org.eclipse.jdt.internal.junit.runner.RemoteTestRunner.runTests(RemoteTestRunner.java:675) [.cp/:na]
	at org.eclipse.jdt.internal.junit.runner.RemoteTestRunner.run(RemoteTestRunner.java:382) [.cp/:na]
	at org.eclipse.jdt.internal.junit.runner.RemoteTestRunner.main(RemoteTestRunner.java:192) [.cp/:na]
2015-09-05 23:25:13,736 INFO [main] d.e.c.c.o.c.PostgresService [OpenstackServiceFactory.java:131] Service Port availability: false
2015-09-05 23:25:18,740 INFO [main] d.e.c.b.s.a.ServicePortAvailabilityVerifier [ServicePortAvailabilityVerifier.java:30] Service port could not be reached
java.net.ConnectException: Connection refused
	at java.net.PlainSocketImpl.socketConnect(Native Method) ~[na:1.8.0_45]
	at java.net.AbstractPlainSocketImpl.doConnect(AbstractPlainSocketImpl.java:345) ~[na:1.8.0_45]
	at java.net.AbstractPlainSocketImpl.connectToAddress(AbstractPlainSocketImpl.java:206) ~[na:1.8.0_45]
	at java.net.AbstractPlainSocketImpl.connect(AbstractPlainSocketImpl.java:188) ~[na:1.8.0_45]
	at java.net.SocksSocketImpl.connect(SocksSocketImpl.java:392) ~[na:1.8.0_45]
	at java.net.Socket.connect(Socket.java:589) ~[na:1.8.0_45]
	at java.net.Socket.connect(Socket.java:538) ~[na:1.8.0_45]
	at java.net.Socket.<init>(Socket.java:434) ~[na:1.8.0_45]
	at java.net.Socket.<init>(Socket.java:211) ~[na:1.8.0_45]
	at de.evoila.cf.broker.service.availability.ServicePortAvailabilityVerifier.execute(ServicePortAvailabilityVerifier.java:25) ~[classes/:na]
	at de.evoila.cf.cpi.openstack.OpenstackServiceFactory.create(OpenstackServiceFactory.java:129) [classes/:na]
	at de.evoila.cf.cpi.openstack.custom.PostgresServiceTest.createTest(PostgresServiceTest.java:32) [test-classes/:na]
	at sun.reflect.NativeMethodAccessorImpl.invoke0(Native Method) ~[na:1.8.0_45]
	at sun.reflect.NativeMethodAccessorImpl.invoke(NativeMethodAccessorImpl.java:62) ~[na:1.8.0_45]
	at sun.reflect.DelegatingMethodAccessorImpl.invoke(DelegatingMethodAccessorImpl.java:43) ~[na:1.8.0_45]
	at java.lang.reflect.Method.invoke(Method.java:497) ~[na:1.8.0_45]
	at org.junit.runners.model.FrameworkMethod$1.runReflectiveCall(FrameworkMethod.java:47) [junit-4.11.jar:na]
	at org.junit.internal.runners.model.ReflectiveCallable.run(ReflectiveCallable.java:12) [junit-4.11.jar:na]
	at org.junit.runners.model.FrameworkMethod.invokeExplosively(FrameworkMethod.java:44) [junit-4.11.jar:na]
	at org.junit.internal.runners.statements.InvokeMethod.evaluate(InvokeMethod.java:17) [junit-4.11.jar:na]
	at org.springframework.test.context.junit4.statements.RunBeforeTestMethodCallbacks.evaluate(RunBeforeTestMethodCallbacks.java:74) [spring-test-4.0.1.RELEASE.jar:4.0.1.RELEASE]
	at org.springframework.test.context.junit4.statements.RunAfterTestMethodCallbacks.evaluate(RunAfterTestMethodCallbacks.java:83) [spring-test-4.0.1.RELEASE.jar:4.0.1.RELEASE]
	at org.springframework.test.context.junit4.statements.SpringRepeat.evaluate(SpringRepeat.java:72) [spring-test-4.0.1.RELEASE.jar:4.0.1.RELEASE]
	at org.springframework.test.context.junit4.SpringJUnit4ClassRunner.runChild(SpringJUnit4ClassRunner.java:232) [spring-test-4.0.1.RELEASE.jar:4.0.1.RELEASE]
	at org.springframework.test.context.junit4.SpringJUnit4ClassRunner.runChild(SpringJUnit4ClassRunner.java:89) [spring-test-4.0.1.RELEASE.jar:4.0.1.RELEASE]
	at org.junit.runners.ParentRunner$3.run(ParentRunner.java:238) [junit-4.11.jar:na]
	at org.junit.runners.ParentRunner$1.schedule(ParentRunner.java:63) [junit-4.11.jar:na]
	at org.junit.runners.ParentRunner.runChildren(ParentRunner.java:236) [junit-4.11.jar:na]
	at org.junit.runners.ParentRunner.access$000(ParentRunner.java:53) [junit-4.11.jar:na]
	at org.junit.runners.ParentRunner$2.evaluate(ParentRunner.java:229) [junit-4.11.jar:na]
	at org.springframework.test.context.junit4.statements.RunBeforeTestClassCallbacks.evaluate(RunBeforeTestClassCallbacks.java:61) [spring-test-4.0.1.RELEASE.jar:4.0.1.RELEASE]
	at org.springframework.test.context.junit4.statements.RunAfterTestClassCallbacks.evaluate(RunAfterTestClassCallbacks.java:71) [spring-test-4.0.1.RELEASE.jar:4.0.1.RELEASE]
	at org.junit.runners.ParentRunner.run(ParentRunner.java:309) [junit-4.11.jar:na]
	at org.springframework.test.context.junit4.SpringJUnit4ClassRunner.run(SpringJUnit4ClassRunner.java:175) [spring-test-4.0.1.RELEASE.jar:4.0.1.RELEASE]
	at org.eclipse.jdt.internal.junit4.runner.JUnit4TestReference.run(JUnit4TestReference.java:50) [.cp/:na]
	at org.eclipse.jdt.internal.junit.runner.TestExecution.run(TestExecution.java:38) [.cp/:na]
	at org.eclipse.jdt.internal.junit.runner.RemoteTestRunner.runTests(RemoteTestRunner.java:459) [.cp/:na]
	at org.eclipse.jdt.internal.junit.runner.RemoteTestRunner.runTests(RemoteTestRunner.java:675) [.cp/:na]
	at org.eclipse.jdt.internal.junit.runner.RemoteTestRunner.run(RemoteTestRunner.java:382) [.cp/:na]
	at org.eclipse.jdt.internal.junit.runner.RemoteTestRunner.main(RemoteTestRunner.java:192) [.cp/:na]
2015-09-05 23:25:18,740 INFO [main] d.e.c.c.o.c.PostgresService [OpenstackServiceFactory.java:131] Service Port availability: false
2015-09-05 23:25:24,106 INFO [main] d.e.c.c.o.f.c.OpenstackConnectionFactory [OpenstackConnectionFactory.java:49] Initializing Provider:openstack-fluent--provider
2015-09-05 23:28:20,581 INFO [main] d.e.c.b.s.a.ServicePortAvailabilityVerifier [ServicePortAvailabilityVerifier.java:30] Service port could not be reached
java.net.ConnectException: Connection refused
	at java.net.PlainSocketImpl.socketConnect(Native Method) ~[na:1.8.0_45]
	at java.net.AbstractPlainSocketImpl.doConnect(AbstractPlainSocketImpl.java:345) ~[na:1.8.0_45]
	at java.net.AbstractPlainSocketImpl.connectToAddress(AbstractPlainSocketImpl.java:206) ~[na:1.8.0_45]
	at java.net.AbstractPlainSocketImpl.connect(AbstractPlainSocketImpl.java:188) ~[na:1.8.0_45]
	at java.net.SocksSocketImpl.connect(SocksSocketImpl.java:392) ~[na:1.8.0_45]
	at java.net.Socket.connect(Socket.java:589) ~[na:1.8.0_45]
	at java.net.Socket.connect(Socket.java:538) ~[na:1.8.0_45]
	at java.net.Socket.<init>(Socket.java:434) ~[na:1.8.0_45]
	at java.net.Socket.<init>(Socket.java:211) ~[na:1.8.0_45]
	at de.evoila.cf.broker.service.availability.ServicePortAvailabilityVerifier.execute(ServicePortAvailabilityVerifier.java:25) ~[classes/:na]
	at de.evoila.cf.cpi.openstack.OpenstackServiceFactory.create(OpenstackServiceFactory.java:129) [classes/:na]
	at de.evoila.cf.cpi.openstack.custom.PostgresServiceTest.createTest(PostgresServiceTest.java:32) [test-classes/:na]
	at sun.reflect.NativeMethodAccessorImpl.invoke0(Native Method) ~[na:1.8.0_45]
	at sun.reflect.NativeMethodAccessorImpl.invoke(NativeMethodAccessorImpl.java:62) ~[na:1.8.0_45]
	at sun.reflect.DelegatingMethodAccessorImpl.invoke(DelegatingMethodAccessorImpl.java:43) ~[na:1.8.0_45]
	at java.lang.reflect.Method.invoke(Method.java:497) ~[na:1.8.0_45]
	at org.junit.runners.model.FrameworkMethod$1.runReflectiveCall(FrameworkMethod.java:47) [junit-4.11.jar:na]
	at org.junit.internal.runners.model.ReflectiveCallable.run(ReflectiveCallable.java:12) [junit-4.11.jar:na]
	at org.junit.runners.model.FrameworkMethod.invokeExplosively(FrameworkMethod.java:44) [junit-4.11.jar:na]
	at org.junit.internal.runners.statements.InvokeMethod.evaluate(InvokeMethod.java:17) [junit-4.11.jar:na]
	at org.springframework.test.context.junit4.statements.RunBeforeTestMethodCallbacks.evaluate(RunBeforeTestMethodCallbacks.java:74) [spring-test-4.0.1.RELEASE.jar:4.0.1.RELEASE]
	at org.springframework.test.context.junit4.statements.RunAfterTestMethodCallbacks.evaluate(RunAfterTestMethodCallbacks.java:83) [spring-test-4.0.1.RELEASE.jar:4.0.1.RELEASE]
	at org.springframework.test.context.junit4.statements.SpringRepeat.evaluate(SpringRepeat.java:72) [spring-test-4.0.1.RELEASE.jar:4.0.1.RELEASE]
	at org.springframework.test.context.junit4.SpringJUnit4ClassRunner.runChild(SpringJUnit4ClassRunner.java:232) [spring-test-4.0.1.RELEASE.jar:4.0.1.RELEASE]
	at org.springframework.test.context.junit4.SpringJUnit4ClassRunner.runChild(SpringJUnit4ClassRunner.java:89) [spring-test-4.0.1.RELEASE.jar:4.0.1.RELEASE]
	at org.junit.runners.ParentRunner$3.run(ParentRunner.java:238) [junit-4.11.jar:na]
	at org.junit.runners.ParentRunner$1.schedule(ParentRunner.java:63) [junit-4.11.jar:na]
	at org.junit.runners.ParentRunner.runChildren(ParentRunner.java:236) [junit-4.11.jar:na]
	at org.junit.runners.ParentRunner.access$000(ParentRunner.java:53) [junit-4.11.jar:na]
	at org.junit.runners.ParentRunner$2.evaluate(ParentRunner.java:229) [junit-4.11.jar:na]
	at org.springframework.test.context.junit4.statements.RunBeforeTestClassCallbacks.evaluate(RunBeforeTestClassCallbacks.java:61) [spring-test-4.0.1.RELEASE.jar:4.0.1.RELEASE]
	at org.springframework.test.context.junit4.statements.RunAfterTestClassCallbacks.evaluate(RunAfterTestClassCallbacks.java:71) [spring-test-4.0.1.RELEASE.jar:4.0.1.RELEASE]
	at org.junit.runners.ParentRunner.run(ParentRunner.java:309) [junit-4.11.jar:na]
	at org.springframework.test.context.junit4.SpringJUnit4ClassRunner.run(SpringJUnit4ClassRunner.java:175) [spring-test-4.0.1.RELEASE.jar:4.0.1.RELEASE]
	at org.eclipse.jdt.internal.junit4.runner.JUnit4TestReference.run(JUnit4TestReference.java:50) [.cp/:na]
	at org.eclipse.jdt.internal.junit.runner.TestExecution.run(TestExecution.java:38) [.cp/:na]
	at org.eclipse.jdt.internal.junit.runner.RemoteTestRunner.runTests(RemoteTestRunner.java:459) [.cp/:na]
	at org.eclipse.jdt.internal.junit.runner.RemoteTestRunner.runTests(RemoteTestRunner.java:675) [.cp/:na]
	at org.eclipse.jdt.internal.junit.runner.RemoteTestRunner.run(RemoteTestRunner.java:382) [.cp/:na]
	at org.eclipse.jdt.internal.junit.runner.RemoteTestRunner.main(RemoteTestRunner.java:192) [.cp/:na]
2015-09-05 23:28:20,581 INFO [main] d.e.c.c.o.c.PostgresService [OpenstackServiceFactory.java:131] Service Port availability: false
2015-09-05 23:43:03,186 INFO [main] d.e.c.c.o.f.c.OpenstackConnectionFactory [OpenstackConnectionFactory.java:49] Initializing Provider:openstack-fluent--provider
2015-09-05 23:43:10,365 INFO [main] d.e.c.c.o.f.c.OpenstackConnectionFactory [OpenstackConnectionFactory.java:49] Initializing Provider:openstack-fluent--provider
2015-09-05 23:53:25,970 INFO [main] d.e.c.c.o.f.c.OpenstackConnectionFactory [OpenstackConnectionFactory.java:49] Initializing Provider:openstack-fluent--provider
2015-09-05 23:56:15,225 INFO [main] d.e.c.b.s.a.ServicePortAvailabilityVerifier [ServicePortAvailabilityVerifier.java:30] Service port could not be reached
java.net.ConnectException: Operation timed out
	at java.net.PlainSocketImpl.socketConnect(Native Method) ~[na:1.8.0_45]
	at java.net.AbstractPlainSocketImpl.doConnect(AbstractPlainSocketImpl.java:345) ~[na:1.8.0_45]
	at java.net.AbstractPlainSocketImpl.connectToAddress(AbstractPlainSocketImpl.java:206) ~[na:1.8.0_45]
	at java.net.AbstractPlainSocketImpl.connect(AbstractPlainSocketImpl.java:188) ~[na:1.8.0_45]
	at java.net.SocksSocketImpl.connect(SocksSocketImpl.java:392) ~[na:1.8.0_45]
	at java.net.Socket.connect(Socket.java:589) ~[na:1.8.0_45]
	at java.net.Socket.connect(Socket.java:538) ~[na:1.8.0_45]
	at java.net.Socket.<init>(Socket.java:434) ~[na:1.8.0_45]
	at java.net.Socket.<init>(Socket.java:211) ~[na:1.8.0_45]
	at de.evoila.cf.broker.service.availability.ServicePortAvailabilityVerifier.execute(ServicePortAvailabilityVerifier.java:25) ~[classes/:na]
	at de.evoila.cf.cpi.openstack.OpenstackServiceFactory.create(OpenstackServiceFactory.java:138) [classes/:na]
	at de.evoila.cf.cpi.openstack.custom.PostgresServiceTest.createTest(PostgresServiceTest.java:32) [test-classes/:na]
	at sun.reflect.NativeMethodAccessorImpl.invoke0(Native Method) ~[na:1.8.0_45]
	at sun.reflect.NativeMethodAccessorImpl.invoke(NativeMethodAccessorImpl.java:62) ~[na:1.8.0_45]
	at sun.reflect.DelegatingMethodAccessorImpl.invoke(DelegatingMethodAccessorImpl.java:43) ~[na:1.8.0_45]
	at java.lang.reflect.Method.invoke(Method.java:497) ~[na:1.8.0_45]
	at org.junit.runners.model.FrameworkMethod$1.runReflectiveCall(FrameworkMethod.java:47) [junit-4.11.jar:na]
	at org.junit.internal.runners.model.ReflectiveCallable.run(ReflectiveCallable.java:12) [junit-4.11.jar:na]
	at org.junit.runners.model.FrameworkMethod.invokeExplosively(FrameworkMethod.java:44) [junit-4.11.jar:na]
	at org.junit.internal.runners.statements.InvokeMethod.evaluate(InvokeMethod.java:17) [junit-4.11.jar:na]
	at org.springframework.test.context.junit4.statements.RunBeforeTestMethodCallbacks.evaluate(RunBeforeTestMethodCallbacks.java:74) [spring-test-4.0.1.RELEASE.jar:4.0.1.RELEASE]
	at org.springframework.test.context.junit4.statements.RunAfterTestMethodCallbacks.evaluate(RunAfterTestMethodCallbacks.java:83) [spring-test-4.0.1.RELEASE.jar:4.0.1.RELEASE]
	at org.springframework.test.context.junit4.statements.SpringRepeat.evaluate(SpringRepeat.java:72) [spring-test-4.0.1.RELEASE.jar:4.0.1.RELEASE]
	at org.springframework.test.context.junit4.SpringJUnit4ClassRunner.runChild(SpringJUnit4ClassRunner.java:232) [spring-test-4.0.1.RELEASE.jar:4.0.1.RELEASE]
	at org.springframework.test.context.junit4.SpringJUnit4ClassRunner.runChild(SpringJUnit4ClassRunner.java:89) [spring-test-4.0.1.RELEASE.jar:4.0.1.RELEASE]
	at org.junit.runners.ParentRunner$3.run(ParentRunner.java:238) [junit-4.11.jar:na]
	at org.junit.runners.ParentRunner$1.schedule(ParentRunner.java:63) [junit-4.11.jar:na]
	at org.junit.runners.ParentRunner.runChildren(ParentRunner.java:236) [junit-4.11.jar:na]
	at org.junit.runners.ParentRunner.access$000(ParentRunner.java:53) [junit-4.11.jar:na]
	at org.junit.runners.ParentRunner$2.evaluate(ParentRunner.java:229) [junit-4.11.jar:na]
	at org.springframework.test.context.junit4.statements.RunBeforeTestClassCallbacks.evaluate(RunBeforeTestClassCallbacks.java:61) [spring-test-4.0.1.RELEASE.jar:4.0.1.RELEASE]
	at org.springframework.test.context.junit4.statements.RunAfterTestClassCallbacks.evaluate(RunAfterTestClassCallbacks.java:71) [spring-test-4.0.1.RELEASE.jar:4.0.1.RELEASE]
	at org.junit.runners.ParentRunner.run(ParentRunner.java:309) [junit-4.11.jar:na]
	at org.springframework.test.context.junit4.SpringJUnit4ClassRunner.run(SpringJUnit4ClassRunner.java:175) [spring-test-4.0.1.RELEASE.jar:4.0.1.RELEASE]
	at org.eclipse.jdt.internal.junit4.runner.JUnit4TestReference.run(JUnit4TestReference.java:50) [.cp/:na]
	at org.eclipse.jdt.internal.junit.runner.TestExecution.run(TestExecution.java:38) [.cp/:na]
	at org.eclipse.jdt.internal.junit.runner.RemoteTestRunner.runTests(RemoteTestRunner.java:459) [.cp/:na]
	at org.eclipse.jdt.internal.junit.runner.RemoteTestRunner.runTests(RemoteTestRunner.java:675) [.cp/:na]
	at org.eclipse.jdt.internal.junit.runner.RemoteTestRunner.run(RemoteTestRunner.java:382) [.cp/:na]
	at org.eclipse.jdt.internal.junit.runner.RemoteTestRunner.main(RemoteTestRunner.java:192) [.cp/:na]
2015-09-05 23:56:15,226 INFO [main] d.e.c.c.o.c.PostgresService [OpenstackServiceFactory.java:140] Service Port availability: false
2015-09-05 23:57:42,753 INFO [main] d.e.c.c.o.f.c.OpenstackConnectionFactory [OpenstackConnectionFactory.java:49] Initializing Provider:openstack-fluent--provider
2015-09-05 23:58:21,870 INFO [main] d.e.c.b.s.a.ServicePortAvailabilityVerifier [ServicePortAvailabilityVerifier.java:33] Service port could not be reached
java.net.SocketTimeoutException: connect timed out
	at java.net.PlainSocketImpl.socketConnect(Native Method) ~[na:1.8.0_45]
	at java.net.AbstractPlainSocketImpl.doConnect(AbstractPlainSocketImpl.java:345) ~[na:1.8.0_45]
	at java.net.AbstractPlainSocketImpl.connectToAddress(AbstractPlainSocketImpl.java:206) ~[na:1.8.0_45]
	at java.net.AbstractPlainSocketImpl.connect(AbstractPlainSocketImpl.java:188) ~[na:1.8.0_45]
	at java.net.SocksSocketImpl.connect(SocksSocketImpl.java:392) ~[na:1.8.0_45]
	at java.net.Socket.connect(Socket.java:589) ~[na:1.8.0_45]
	at de.evoila.cf.broker.service.availability.ServicePortAvailabilityVerifier.execute(ServicePortAvailabilityVerifier.java:28) ~[classes/:na]
	at de.evoila.cf.cpi.openstack.OpenstackServiceFactory.create(OpenstackServiceFactory.java:138) [classes/:na]
	at de.evoila.cf.cpi.openstack.custom.PostgresServiceTest.createTest(PostgresServiceTest.java:32) [test-classes/:na]
	at sun.reflect.NativeMethodAccessorImpl.invoke0(Native Method) ~[na:1.8.0_45]
	at sun.reflect.NativeMethodAccessorImpl.invoke(NativeMethodAccessorImpl.java:62) ~[na:1.8.0_45]
	at sun.reflect.DelegatingMethodAccessorImpl.invoke(DelegatingMethodAccessorImpl.java:43) ~[na:1.8.0_45]
	at java.lang.reflect.Method.invoke(Method.java:497) ~[na:1.8.0_45]
	at org.junit.runners.model.FrameworkMethod$1.runReflectiveCall(FrameworkMethod.java:47) [junit-4.11.jar:na]
	at org.junit.internal.runners.model.ReflectiveCallable.run(ReflectiveCallable.java:12) [junit-4.11.jar:na]
	at org.junit.runners.model.FrameworkMethod.invokeExplosively(FrameworkMethod.java:44) [junit-4.11.jar:na]
	at org.junit.internal.runners.statements.InvokeMethod.evaluate(InvokeMethod.java:17) [junit-4.11.jar:na]
	at org.springframework.test.context.junit4.statements.RunBeforeTestMethodCallbacks.evaluate(RunBeforeTestMethodCallbacks.java:74) [spring-test-4.0.1.RELEASE.jar:4.0.1.RELEASE]
	at org.springframework.test.context.junit4.statements.RunAfterTestMethodCallbacks.evaluate(RunAfterTestMethodCallbacks.java:83) [spring-test-4.0.1.RELEASE.jar:4.0.1.RELEASE]
	at org.springframework.test.context.junit4.statements.SpringRepeat.evaluate(SpringRepeat.java:72) [spring-test-4.0.1.RELEASE.jar:4.0.1.RELEASE]
	at org.springframework.test.context.junit4.SpringJUnit4ClassRunner.runChild(SpringJUnit4ClassRunner.java:232) [spring-test-4.0.1.RELEASE.jar:4.0.1.RELEASE]
	at org.springframework.test.context.junit4.SpringJUnit4ClassRunner.runChild(SpringJUnit4ClassRunner.java:89) [spring-test-4.0.1.RELEASE.jar:4.0.1.RELEASE]
	at org.junit.runners.ParentRunner$3.run(ParentRunner.java:238) [junit-4.11.jar:na]
	at org.junit.runners.ParentRunner$1.schedule(ParentRunner.java:63) [junit-4.11.jar:na]
	at org.junit.runners.ParentRunner.runChildren(ParentRunner.java:236) [junit-4.11.jar:na]
	at org.junit.runners.ParentRunner.access$000(ParentRunner.java:53) [junit-4.11.jar:na]
	at org.junit.runners.ParentRunner$2.evaluate(ParentRunner.java:229) [junit-4.11.jar:na]
	at org.springframework.test.context.junit4.statements.RunBeforeTestClassCallbacks.evaluate(RunBeforeTestClassCallbacks.java:61) [spring-test-4.0.1.RELEASE.jar:4.0.1.RELEASE]
	at org.springframework.test.context.junit4.statements.RunAfterTestClassCallbacks.evaluate(RunAfterTestClassCallbacks.java:71) [spring-test-4.0.1.RELEASE.jar:4.0.1.RELEASE]
	at org.junit.runners.ParentRunner.run(ParentRunner.java:309) [junit-4.11.jar:na]
	at org.springframework.test.context.junit4.SpringJUnit4ClassRunner.run(SpringJUnit4ClassRunner.java:175) [spring-test-4.0.1.RELEASE.jar:4.0.1.RELEASE]
	at org.eclipse.jdt.internal.junit4.runner.JUnit4TestReference.run(JUnit4TestReference.java:50) [.cp/:na]
	at org.eclipse.jdt.internal.junit.runner.TestExecution.run(TestExecution.java:38) [.cp/:na]
	at org.eclipse.jdt.internal.junit.runner.RemoteTestRunner.runTests(RemoteTestRunner.java:459) [.cp/:na]
	at org.eclipse.jdt.internal.junit.runner.RemoteTestRunner.runTests(RemoteTestRunner.java:675) [.cp/:na]
	at org.eclipse.jdt.internal.junit.runner.RemoteTestRunner.run(RemoteTestRunner.java:382) [.cp/:na]
	at org.eclipse.jdt.internal.junit.runner.RemoteTestRunner.main(RemoteTestRunner.java:192) [.cp/:na]
2015-09-05 23:58:21,871 INFO [main] d.e.c.c.o.c.PostgresService [OpenstackServiceFactory.java:140] Service Port availability: false
2015-09-08 21:38:11,687 INFO [main] d.e.c.c.o.f.c.OpenstackConnectionFactory [OpenstackConnectionFactory.java:49] Initializing Provider:openstack-fluent--provider
2015-09-11 19:56:39,143 INFO [main] d.e.c.c.o.f.c.OpenstackConnectionFactory [OpenstackConnectionFactory.java:49] Initializing Provider:openstack-fluent--provider
2015-09-11 19:57:20,042 INFO [main] d.e.c.c.o.f.c.OpenstackConnectionFactory [OpenstackConnectionFactory.java:49] Initializing Provider:openstack-fluent--provider
2015-09-11 19:57:51,716 INFO [main] d.e.c.c.o.f.c.OpenstackConnectionFactory [OpenstackConnectionFactory.java:49] Initializing Provider:openstack-fluent--provider
2015-09-18 16:10:31,694 INFO [main] d.e.c.c.o.f.c.OpenstackConnectionFactory [OpenstackConnectionFactory.java:55] Initializing Provider:openstack-fluent--provider
2015-09-18 16:10:45,004 INFO [main] d.e.c.c.o.f.c.OpenstackConnectionFactory [OpenstackConnectionFactory.java:55] Initializing Provider:openstack-fluent--provider
2015-09-18 16:10:46,048 INFO [main] d.e.c.c.o.f.c.OpenstackConnectionFactory [OpenstackConnectionFactory.java:55] Initializing Provider:openstack-fluent--provider
2015-09-18 16:10:46,141 INFO [main] d.e.c.c.o.f.c.OpenstackConnectionFactory [OpenstackConnectionFactory.java:55] Initializing Provider:openstack-fluent--provider
2015-09-18 16:10:46,258 INFO [main] d.e.c.c.o.f.c.OpenstackConnectionFactory [OpenstackConnectionFactory.java:77] Initializing Provider:openstack-fluent--provider
2015-09-18 16:10:46,329 INFO [main] d.e.c.c.o.f.c.OpenstackConnectionFactory [OpenstackConnectionFactory.java:55] Initializing Provider:openstack-fluent--provider
2015-09-18 16:10:46,933 INFO [main] d.e.c.c.o.f.c.OpenstackConnectionFactory [OpenstackConnectionFactory.java:55] Initializing Provider:openstack-fluent--provider
2016-06-06 11:23:58,600 INFO [main] o.s.t.c.s.DefaultTestContextBootstrapper [AbstractTestContextBootstrapper.java:259] Loaded default TestExecutionListener class names from location [META-INF/spring.factories]: [org.springframework.test.context.web.ServletTestExecutionListener, org.springframework.test.context.support.DirtiesContextBeforeModesTestExecutionListener, org.springframework.test.context.support.DependencyInjectionTestExecutionListener, org.springframework.test.context.support.DirtiesContextTestExecutionListener, org.springframework.test.context.transaction.TransactionalTestExecutionListener, org.springframework.test.context.jdbc.SqlScriptsTestExecutionListener]
2016-06-06 11:23:58,617 INFO [main] o.s.t.c.s.DefaultTestContextBootstrapper [AbstractTestContextBootstrapper.java:207] Could not instantiate TestExecutionListener [org.springframework.test.context.jdbc.SqlScriptsTestExecutionListener]. Specify custom listener classes or make the default listener classes (and their required dependencies) available. Offending class: [org/springframework/transaction/interceptor/TransactionAttribute]
2016-06-06 11:23:58,631 INFO [main] o.s.t.c.s.DefaultTestContextBootstrapper [AbstractTestContextBootstrapper.java:207] Could not instantiate TestExecutionListener [org.springframework.test.context.transaction.TransactionalTestExecutionListener]. Specify custom listener classes or make the default listener classes (and their required dependencies) available. Offending class: [org/springframework/transaction/interceptor/TransactionAttributeSource]
2016-06-06 11:23:58,635 INFO [main] o.s.t.c.s.DefaultTestContextBootstrapper [AbstractTestContextBootstrapper.java:185] Using TestExecutionListeners: [org.springframework.test.context.web.ServletTestExecutionListener@133e16fd, org.springframework.test.context.support.DirtiesContextBeforeModesTestExecutionListener@51b279c9, org.springframework.test.context.support.DependencyInjectionTestExecutionListener@1ad282e0, org.springframework.test.context.support.DirtiesContextTestExecutionListener@7f416310]
2016-06-06 11:23:58,724 INFO [main] o.s.t.c.s.DefaultTestContextBootstrapper [AbstractTestContextBootstrapper.java:259] Loaded default TestExecutionListener class names from location [META-INF/spring.factories]: [org.springframework.test.context.web.ServletTestExecutionListener, org.springframework.test.context.support.DirtiesContextBeforeModesTestExecutionListener, org.springframework.test.context.support.DependencyInjectionTestExecutionListener, org.springframework.test.context.support.DirtiesContextTestExecutionListener, org.springframework.test.context.transaction.TransactionalTestExecutionListener, org.springframework.test.context.jdbc.SqlScriptsTestExecutionListener]
2016-06-06 11:23:58,727 INFO [main] o.s.t.c.s.DefaultTestContextBootstrapper [AbstractTestContextBootstrapper.java:207] Could not instantiate TestExecutionListener [org.springframework.test.context.jdbc.SqlScriptsTestExecutionListener]. Specify custom listener classes or make the default listener classes (and their required dependencies) available. Offending class: [org/springframework/transaction/interceptor/TransactionAttribute]
2016-06-06 11:23:58,729 INFO [main] o.s.t.c.s.DefaultTestContextBootstrapper [AbstractTestContextBootstrapper.java:207] Could not instantiate TestExecutionListener [org.springframework.test.context.transaction.TransactionalTestExecutionListener]. Specify custom listener classes or make the default listener classes (and their required dependencies) available. Offending class: [org/springframework/transaction/interceptor/TransactionAttributeSource]
2016-06-06 11:23:58,730 INFO [main] o.s.t.c.s.DefaultTestContextBootstrapper [AbstractTestContextBootstrapper.java:185] Using TestExecutionListeners: [org.springframework.test.context.web.ServletTestExecutionListener@17776a8, org.springframework.test.context.support.DirtiesContextBeforeModesTestExecutionListener@69a10787, org.springframework.test.context.support.DependencyInjectionTestExecutionListener@2d127a61, org.springframework.test.context.support.DirtiesContextTestExecutionListener@2bbaf4f0]
2016-06-06 11:23:59,074 INFO [main] o.s.c.s.GenericApplicationContext [AbstractApplicationContext.java:577] Refreshing org.springframework.context.support.GenericApplicationContext@7bc1a03d: startup date [Mon Jun 06 11:23:59 CEST 2016]; root of context hierarchy
2016-06-06 11:24:00,044 WARN [main] o.s.c.a.ConfigurationClassEnhancer [ConfigurationClassEnhancer.java:310] @Bean method IntegrationTestConfiguration.properties is non-static and returns an object assignable to Spring's BeanFactoryPostProcessor interface. This will result in a failure to process annotations such as @Autowired, @Resource and @PostConstruct within the method's declaring @Configuration class. Add the 'static' modifier to this method to avoid these container lifecycle issues; see @Bean javadoc for complete details.
2016-06-06 11:24:00,096 INFO [main] o.s.b.f.c.PropertyPlaceholderConfigurer [PropertiesLoaderSupport.java:172] Loading properties file from class path resource [application.properties]
2016-06-06 11:24:00,125 INFO [main] o.s.b.f.a.AutowiredAnnotationBeanPostProcessor [AutowiredAnnotationBeanPostProcessor.java:153] JSR-330 'javax.inject.Inject' annotation found and supported for autowiring
2016-06-06 11:24:00,289 INFO [main] o.h.v.i.u.Version [Version.java:17] HV000001: Hibernate Validator 5.2.2.Final
2016-06-06 11:24:00,882 INFO [main] d.e.c.c.o.f.c.OpenstackConnectionFactory [OpenstackConnectionFactory.java:55] Initializing Provider:openstack-fluent--provider
2016-06-06 11:24:03,801 ERROR [main] o.s.t.c.TestContextManager [TestContextManager.java:231] Caught exception while allowing TestExecutionListener [org.springframework.test.context.support.DependencyInjectionTestExecutionListener@2d127a61] to prepare test instance [de.evoila.cf.cpi.openstack.custom.OpenstackPlatformServiceTest@595f4da5]
org.springframework.beans.factory.BeanCreationException: Error creating bean with name 'de.evoila.cf.cpi.openstack.custom.OpenstackPlatformServiceTest': Injection of autowired dependencies failed; nested exception is org.springframework.beans.factory.BeanCreationException: Could not autowire field: public java.util.Map de.evoila.cf.cpi.openstack.custom.OpenstackPlatformServiceTest.customProperties; nested exception is org.springframework.beans.factory.NoSuchBeanDefinitionException: No qualifying bean of type [java.lang.String] found for dependency [map with value type java.lang.String]: expected at least 1 bean which qualifies as autowire candidate for this dependency. Dependency annotations: {@org.springframework.beans.factory.annotation.Autowired(required=true)}
	at org.springframework.beans.factory.annotation.AutowiredAnnotationBeanPostProcessor.postProcessPropertyValues(AutowiredAnnotationBeanPostProcessor.java:334) ~[spring-beans-4.2.3.RELEASE.jar:4.2.3.RELEASE]
	at org.springframework.beans.factory.support.AbstractAutowireCapableBeanFactory.populateBean(AbstractAutowireCapableBeanFactory.java:1214) ~[spring-beans-4.2.3.RELEASE.jar:4.2.3.RELEASE]
	at org.springframework.beans.factory.support.AbstractAutowireCapableBeanFactory.autowireBeanProperties(AbstractAutowireCapableBeanFactory.java:385) ~[spring-beans-4.2.3.RELEASE.jar:4.2.3.RELEASE]
	at org.springframework.test.context.support.DependencyInjectionTestExecutionListener.injectDependencies(DependencyInjectionTestExecutionListener.java:118) ~[spring-test-4.2.3.RELEASE.jar:4.2.3.RELEASE]
	at org.springframework.test.context.support.DependencyInjectionTestExecutionListener.prepareTestInstance(DependencyInjectionTestExecutionListener.java:83) ~[spring-test-4.2.3.RELEASE.jar:4.2.3.RELEASE]
	at org.springframework.test.context.TestContextManager.prepareTestInstance(TestContextManager.java:228) ~[spring-test-4.2.3.RELEASE.jar:4.2.3.RELEASE]
	at org.springframework.test.context.junit4.SpringJUnit4ClassRunner.createTest(SpringJUnit4ClassRunner.java:230) [spring-test-4.2.3.RELEASE.jar:4.2.3.RELEASE]
	at org.springframework.test.context.junit4.SpringJUnit4ClassRunner$1.runReflectiveCall(SpringJUnit4ClassRunner.java:289) [spring-test-4.2.3.RELEASE.jar:4.2.3.RELEASE]
	at org.junit.internal.runners.model.ReflectiveCallable.run(ReflectiveCallable.java:12) [junit-4.12.jar:4.12]
	at org.springframework.test.context.junit4.SpringJUnit4ClassRunner.methodBlock(SpringJUnit4ClassRunner.java:291) [spring-test-4.2.3.RELEASE.jar:4.2.3.RELEASE]
	at org.springframework.test.context.junit4.SpringJUnit4ClassRunner.runChild(SpringJUnit4ClassRunner.java:249) [spring-test-4.2.3.RELEASE.jar:4.2.3.RELEASE]
	at org.springframework.test.context.junit4.SpringJUnit4ClassRunner.runChild(SpringJUnit4ClassRunner.java:89) [spring-test-4.2.3.RELEASE.jar:4.2.3.RELEASE]
	at org.junit.runners.ParentRunner$3.run(ParentRunner.java:290) [junit-4.12.jar:4.12]
	at org.junit.runners.ParentRunner$1.schedule(ParentRunner.java:71) [junit-4.12.jar:4.12]
	at org.junit.runners.ParentRunner.runChildren(ParentRunner.java:288) [junit-4.12.jar:4.12]
	at org.junit.runners.ParentRunner.access$000(ParentRunner.java:58) [junit-4.12.jar:4.12]
	at org.junit.runners.ParentRunner$2.evaluate(ParentRunner.java:268) [junit-4.12.jar:4.12]
	at org.springframework.test.context.junit4.statements.RunBeforeTestClassCallbacks.evaluate(RunBeforeTestClassCallbacks.java:61) [spring-test-4.2.3.RELEASE.jar:4.2.3.RELEASE]
	at org.springframework.test.context.junit4.statements.RunAfterTestClassCallbacks.evaluate(RunAfterTestClassCallbacks.java:70) [spring-test-4.2.3.RELEASE.jar:4.2.3.RELEASE]
	at org.junit.runners.ParentRunner.run(ParentRunner.java:363) [junit-4.12.jar:4.12]
	at org.springframework.test.context.junit4.SpringJUnit4ClassRunner.run(SpringJUnit4ClassRunner.java:193) [spring-test-4.2.3.RELEASE.jar:4.2.3.RELEASE]
	at org.apache.maven.surefire.junit4.JUnit4Provider.execute(JUnit4Provider.java:283) [surefire-junit4-2.18.1.jar:2.18.1]
	at org.apache.maven.surefire.junit4.JUnit4Provider.executeWithRerun(JUnit4Provider.java:173) [surefire-junit4-2.18.1.jar:2.18.1]
	at org.apache.maven.surefire.junit4.JUnit4Provider.executeTestSet(JUnit4Provider.java:153) [surefire-junit4-2.18.1.jar:2.18.1]
	at org.apache.maven.surefire.junit4.JUnit4Provider.invoke(JUnit4Provider.java:128) [surefire-junit4-2.18.1.jar:2.18.1]
	at org.apache.maven.surefire.booter.ForkedBooter.invokeProviderInSameClassLoader(ForkedBooter.java:203) [surefire-booter-2.18.1.jar:2.18.1]
	at org.apache.maven.surefire.booter.ForkedBooter.runSuitesInProcess(ForkedBooter.java:155) [surefire-booter-2.18.1.jar:2.18.1]
	at org.apache.maven.surefire.booter.ForkedBooter.main(ForkedBooter.java:103) [surefire-booter-2.18.1.jar:2.18.1]
Caused by: org.springframework.beans.factory.BeanCreationException: Could not autowire field: public java.util.Map de.evoila.cf.cpi.openstack.custom.OpenstackPlatformServiceTest.customProperties; nested exception is org.springframework.beans.factory.NoSuchBeanDefinitionException: No qualifying bean of type [java.lang.String] found for dependency [map with value type java.lang.String]: expected at least 1 bean which qualifies as autowire candidate for this dependency. Dependency annotations: {@org.springframework.beans.factory.annotation.Autowired(required=true)}
	at org.springframework.beans.factory.annotation.AutowiredAnnotationBeanPostProcessor$AutowiredFieldElement.inject(AutowiredAnnotationBeanPostProcessor.java:573) ~[spring-beans-4.2.3.RELEASE.jar:4.2.3.RELEASE]
	at org.springframework.beans.factory.annotation.InjectionMetadata.inject(InjectionMetadata.java:88) ~[spring-beans-4.2.3.RELEASE.jar:4.2.3.RELEASE]
	at org.springframework.beans.factory.annotation.AutowiredAnnotationBeanPostProcessor.postProcessPropertyValues(AutowiredAnnotationBeanPostProcessor.java:331) ~[spring-beans-4.2.3.RELEASE.jar:4.2.3.RELEASE]
	... 27 common frames omitted
Caused by: org.springframework.beans.factory.NoSuchBeanDefinitionException: No qualifying bean of type [java.lang.String] found for dependency [map with value type java.lang.String]: expected at least 1 bean which qualifies as autowire candidate for this dependency. Dependency annotations: {@org.springframework.beans.factory.annotation.Autowired(required=true)}
	at org.springframework.beans.factory.support.DefaultListableBeanFactory.raiseNoSuchBeanDefinitionException(DefaultListableBeanFactory.java:1373) ~[spring-beans-4.2.3.RELEASE.jar:4.2.3.RELEASE]
	at org.springframework.beans.factory.support.DefaultListableBeanFactory.doResolveDependency(DefaultListableBeanFactory.java:1106) ~[spring-beans-4.2.3.RELEASE.jar:4.2.3.RELEASE]
	at org.springframework.beans.factory.support.DefaultListableBeanFactory.resolveDependency(DefaultListableBeanFactory.java:1014) ~[spring-beans-4.2.3.RELEASE.jar:4.2.3.RELEASE]
	at org.springframework.beans.factory.annotation.AutowiredAnnotationBeanPostProcessor$AutowiredFieldElement.inject(AutowiredAnnotationBeanPostProcessor.java:545) ~[spring-beans-4.2.3.RELEASE.jar:4.2.3.RELEASE]
	... 29 common frames omitted
2016-06-06 11:24:03,868 ERROR [main] o.s.t.c.TestContextManager [TestContextManager.java:231] Caught exception while allowing TestExecutionListener [org.springframework.test.context.support.DependencyInjectionTestExecutionListener@2d127a61] to prepare test instance [de.evoila.cf.cpi.openstack.custom.OpenstackPlatformServiceTest@304a9d7b]
org.springframework.beans.factory.BeanCreationException: Error creating bean with name 'de.evoila.cf.cpi.openstack.custom.OpenstackPlatformServiceTest': Injection of autowired dependencies failed; nested exception is org.springframework.beans.factory.BeanCreationException: Could not autowire field: public java.util.Map de.evoila.cf.cpi.openstack.custom.OpenstackPlatformServiceTest.customProperties; nested exception is org.springframework.beans.factory.NoSuchBeanDefinitionException: No qualifying bean of type [java.lang.String] found for dependency [map with value type java.lang.String]: expected at least 1 bean which qualifies as autowire candidate for this dependency. Dependency annotations: {@org.springframework.beans.factory.annotation.Autowired(required=true)}
	at org.springframework.beans.factory.annotation.AutowiredAnnotationBeanPostProcessor.postProcessPropertyValues(AutowiredAnnotationBeanPostProcessor.java:334) ~[spring-beans-4.2.3.RELEASE.jar:4.2.3.RELEASE]
	at org.springframework.beans.factory.support.AbstractAutowireCapableBeanFactory.populateBean(AbstractAutowireCapableBeanFactory.java:1214) ~[spring-beans-4.2.3.RELEASE.jar:4.2.3.RELEASE]
	at org.springframework.beans.factory.support.AbstractAutowireCapableBeanFactory.autowireBeanProperties(AbstractAutowireCapableBeanFactory.java:385) ~[spring-beans-4.2.3.RELEASE.jar:4.2.3.RELEASE]
	at org.springframework.test.context.support.DependencyInjectionTestExecutionListener.injectDependencies(DependencyInjectionTestExecutionListener.java:118) ~[spring-test-4.2.3.RELEASE.jar:4.2.3.RELEASE]
	at org.springframework.test.context.support.DependencyInjectionTestExecutionListener.prepareTestInstance(DependencyInjectionTestExecutionListener.java:83) ~[spring-test-4.2.3.RELEASE.jar:4.2.3.RELEASE]
	at org.springframework.test.context.TestContextManager.prepareTestInstance(TestContextManager.java:228) ~[spring-test-4.2.3.RELEASE.jar:4.2.3.RELEASE]
	at org.springframework.test.context.junit4.SpringJUnit4ClassRunner.createTest(SpringJUnit4ClassRunner.java:230) [spring-test-4.2.3.RELEASE.jar:4.2.3.RELEASE]
	at org.springframework.test.context.junit4.SpringJUnit4ClassRunner$1.runReflectiveCall(SpringJUnit4ClassRunner.java:289) [spring-test-4.2.3.RELEASE.jar:4.2.3.RELEASE]
	at org.junit.internal.runners.model.ReflectiveCallable.run(ReflectiveCallable.java:12) [junit-4.12.jar:4.12]
	at org.springframework.test.context.junit4.SpringJUnit4ClassRunner.methodBlock(SpringJUnit4ClassRunner.java:291) [spring-test-4.2.3.RELEASE.jar:4.2.3.RELEASE]
	at org.springframework.test.context.junit4.SpringJUnit4ClassRunner.runChild(SpringJUnit4ClassRunner.java:249) [spring-test-4.2.3.RELEASE.jar:4.2.3.RELEASE]
	at org.springframework.test.context.junit4.SpringJUnit4ClassRunner.runChild(SpringJUnit4ClassRunner.java:89) [spring-test-4.2.3.RELEASE.jar:4.2.3.RELEASE]
	at org.junit.runners.ParentRunner$3.run(ParentRunner.java:290) [junit-4.12.jar:4.12]
	at org.junit.runners.ParentRunner$1.schedule(ParentRunner.java:71) [junit-4.12.jar:4.12]
	at org.junit.runners.ParentRunner.runChildren(ParentRunner.java:288) [junit-4.12.jar:4.12]
	at org.junit.runners.ParentRunner.access$000(ParentRunner.java:58) [junit-4.12.jar:4.12]
	at org.junit.runners.ParentRunner$2.evaluate(ParentRunner.java:268) [junit-4.12.jar:4.12]
	at org.springframework.test.context.junit4.statements.RunBeforeTestClassCallbacks.evaluate(RunBeforeTestClassCallbacks.java:61) [spring-test-4.2.3.RELEASE.jar:4.2.3.RELEASE]
	at org.springframework.test.context.junit4.statements.RunAfterTestClassCallbacks.evaluate(RunAfterTestClassCallbacks.java:70) [spring-test-4.2.3.RELEASE.jar:4.2.3.RELEASE]
	at org.junit.runners.ParentRunner.run(ParentRunner.java:363) [junit-4.12.jar:4.12]
	at org.springframework.test.context.junit4.SpringJUnit4ClassRunner.run(SpringJUnit4ClassRunner.java:193) [spring-test-4.2.3.RELEASE.jar:4.2.3.RELEASE]
	at org.apache.maven.surefire.junit4.JUnit4Provider.execute(JUnit4Provider.java:283) [surefire-junit4-2.18.1.jar:2.18.1]
	at org.apache.maven.surefire.junit4.JUnit4Provider.executeWithRerun(JUnit4Provider.java:173) [surefire-junit4-2.18.1.jar:2.18.1]
	at org.apache.maven.surefire.junit4.JUnit4Provider.executeTestSet(JUnit4Provider.java:153) [surefire-junit4-2.18.1.jar:2.18.1]
	at org.apache.maven.surefire.junit4.JUnit4Provider.invoke(JUnit4Provider.java:128) [surefire-junit4-2.18.1.jar:2.18.1]
	at org.apache.maven.surefire.booter.ForkedBooter.invokeProviderInSameClassLoader(ForkedBooter.java:203) [surefire-booter-2.18.1.jar:2.18.1]
	at org.apache.maven.surefire.booter.ForkedBooter.runSuitesInProcess(ForkedBooter.java:155) [surefire-booter-2.18.1.jar:2.18.1]
	at org.apache.maven.surefire.booter.ForkedBooter.main(ForkedBooter.java:103) [surefire-booter-2.18.1.jar:2.18.1]
Caused by: org.springframework.beans.factory.BeanCreationException: Could not autowire field: public java.util.Map de.evoila.cf.cpi.openstack.custom.OpenstackPlatformServiceTest.customProperties; nested exception is org.springframework.beans.factory.NoSuchBeanDefinitionException: No qualifying bean of type [java.lang.String] found for dependency [map with value type java.lang.String]: expected at least 1 bean which qualifies as autowire candidate for this dependency. Dependency annotations: {@org.springframework.beans.factory.annotation.Autowired(required=true)}
	at org.springframework.beans.factory.annotation.AutowiredAnnotationBeanPostProcessor$AutowiredFieldElement.inject(AutowiredAnnotationBeanPostProcessor.java:573) ~[spring-beans-4.2.3.RELEASE.jar:4.2.3.RELEASE]
	at org.springframework.beans.factory.annotation.InjectionMetadata.inject(InjectionMetadata.java:88) ~[spring-beans-4.2.3.RELEASE.jar:4.2.3.RELEASE]
	at org.springframework.beans.factory.annotation.AutowiredAnnotationBeanPostProcessor.postProcessPropertyValues(AutowiredAnnotationBeanPostProcessor.java:331) ~[spring-beans-4.2.3.RELEASE.jar:4.2.3.RELEASE]
	... 27 common frames omitted
Caused by: org.springframework.beans.factory.NoSuchBeanDefinitionException: No qualifying bean of type [java.lang.String] found for dependency [map with value type java.lang.String]: expected at least 1 bean which qualifies as autowire candidate for this dependency. Dependency annotations: {@org.springframework.beans.factory.annotation.Autowired(required=true)}
	at org.springframework.beans.factory.support.DefaultListableBeanFactory.raiseNoSuchBeanDefinitionException(DefaultListableBeanFactory.java:1373) ~[spring-beans-4.2.3.RELEASE.jar:4.2.3.RELEASE]
	at org.springframework.beans.factory.support.DefaultListableBeanFactory.doResolveDependency(DefaultListableBeanFactory.java:1106) ~[spring-beans-4.2.3.RELEASE.jar:4.2.3.RELEASE]
	at org.springframework.beans.factory.support.DefaultListableBeanFactory.resolveDependency(DefaultListableBeanFactory.java:1014) ~[spring-beans-4.2.3.RELEASE.jar:4.2.3.RELEASE]
	at org.springframework.beans.factory.annotation.AutowiredAnnotationBeanPostProcessor$AutowiredFieldElement.inject(AutowiredAnnotationBeanPostProcessor.java:545) ~[spring-beans-4.2.3.RELEASE.jar:4.2.3.RELEASE]
	... 29 common frames omitted
2016-06-06 11:24:03,894 ERROR [main] o.s.t.c.TestContextManager [TestContextManager.java:231] Caught exception while allowing TestExecutionListener [org.springframework.test.context.support.DependencyInjectionTestExecutionListener@2d127a61] to prepare test instance [de.evoila.cf.cpi.openstack.custom.OpenstackPlatformServiceTest@6bfdb014]
org.springframework.beans.factory.BeanCreationException: Error creating bean with name 'de.evoila.cf.cpi.openstack.custom.OpenstackPlatformServiceTest': Injection of autowired dependencies failed; nested exception is org.springframework.beans.factory.BeanCreationException: Could not autowire field: public java.util.Map de.evoila.cf.cpi.openstack.custom.OpenstackPlatformServiceTest.customProperties; nested exception is org.springframework.beans.factory.NoSuchBeanDefinitionException: No qualifying bean of type [java.lang.String] found for dependency [map with value type java.lang.String]: expected at least 1 bean which qualifies as autowire candidate for this dependency. Dependency annotations: {@org.springframework.beans.factory.annotation.Autowired(required=true)}
	at org.springframework.beans.factory.annotation.AutowiredAnnotationBeanPostProcessor.postProcessPropertyValues(AutowiredAnnotationBeanPostProcessor.java:334) ~[spring-beans-4.2.3.RELEASE.jar:4.2.3.RELEASE]
	at org.springframework.beans.factory.support.AbstractAutowireCapableBeanFactory.populateBean(AbstractAutowireCapableBeanFactory.java:1214) ~[spring-beans-4.2.3.RELEASE.jar:4.2.3.RELEASE]
	at org.springframework.beans.factory.support.AbstractAutowireCapableBeanFactory.autowireBeanProperties(AbstractAutowireCapableBeanFactory.java:385) ~[spring-beans-4.2.3.RELEASE.jar:4.2.3.RELEASE]
	at org.springframework.test.context.support.DependencyInjectionTestExecutionListener.injectDependencies(DependencyInjectionTestExecutionListener.java:118) ~[spring-test-4.2.3.RELEASE.jar:4.2.3.RELEASE]
	at org.springframework.test.context.support.DependencyInjectionTestExecutionListener.prepareTestInstance(DependencyInjectionTestExecutionListener.java:83) ~[spring-test-4.2.3.RELEASE.jar:4.2.3.RELEASE]
	at org.springframework.test.context.TestContextManager.prepareTestInstance(TestContextManager.java:228) ~[spring-test-4.2.3.RELEASE.jar:4.2.3.RELEASE]
	at org.springframework.test.context.junit4.SpringJUnit4ClassRunner.createTest(SpringJUnit4ClassRunner.java:230) [spring-test-4.2.3.RELEASE.jar:4.2.3.RELEASE]
	at org.springframework.test.context.junit4.SpringJUnit4ClassRunner$1.runReflectiveCall(SpringJUnit4ClassRunner.java:289) [spring-test-4.2.3.RELEASE.jar:4.2.3.RELEASE]
	at org.junit.internal.runners.model.ReflectiveCallable.run(ReflectiveCallable.java:12) [junit-4.12.jar:4.12]
	at org.springframework.test.context.junit4.SpringJUnit4ClassRunner.methodBlock(SpringJUnit4ClassRunner.java:291) [spring-test-4.2.3.RELEASE.jar:4.2.3.RELEASE]
	at org.springframework.test.context.junit4.SpringJUnit4ClassRunner.runChild(SpringJUnit4ClassRunner.java:249) [spring-test-4.2.3.RELEASE.jar:4.2.3.RELEASE]
	at org.springframework.test.context.junit4.SpringJUnit4ClassRunner.runChild(SpringJUnit4ClassRunner.java:89) [spring-test-4.2.3.RELEASE.jar:4.2.3.RELEASE]
	at org.junit.runners.ParentRunner$3.run(ParentRunner.java:290) [junit-4.12.jar:4.12]
	at org.junit.runners.ParentRunner$1.schedule(ParentRunner.java:71) [junit-4.12.jar:4.12]
	at org.junit.runners.ParentRunner.runChildren(ParentRunner.java:288) [junit-4.12.jar:4.12]
	at org.junit.runners.ParentRunner.access$000(ParentRunner.java:58) [junit-4.12.jar:4.12]
	at org.junit.runners.ParentRunner$2.evaluate(ParentRunner.java:268) [junit-4.12.jar:4.12]
	at org.springframework.test.context.junit4.statements.RunBeforeTestClassCallbacks.evaluate(RunBeforeTestClassCallbacks.java:61) [spring-test-4.2.3.RELEASE.jar:4.2.3.RELEASE]
	at org.springframework.test.context.junit4.statements.RunAfterTestClassCallbacks.evaluate(RunAfterTestClassCallbacks.java:70) [spring-test-4.2.3.RELEASE.jar:4.2.3.RELEASE]
	at org.junit.runners.ParentRunner.run(ParentRunner.java:363) [junit-4.12.jar:4.12]
	at org.springframework.test.context.junit4.SpringJUnit4ClassRunner.run(SpringJUnit4ClassRunner.java:193) [spring-test-4.2.3.RELEASE.jar:4.2.3.RELEASE]
	at org.apache.maven.surefire.junit4.JUnit4Provider.execute(JUnit4Provider.java:283) [surefire-junit4-2.18.1.jar:2.18.1]
	at org.apache.maven.surefire.junit4.JUnit4Provider.executeWithRerun(JUnit4Provider.java:173) [surefire-junit4-2.18.1.jar:2.18.1]
	at org.apache.maven.surefire.junit4.JUnit4Provider.executeTestSet(JUnit4Provider.java:153) [surefire-junit4-2.18.1.jar:2.18.1]
	at org.apache.maven.surefire.junit4.JUnit4Provider.invoke(JUnit4Provider.java:128) [surefire-junit4-2.18.1.jar:2.18.1]
	at org.apache.maven.surefire.booter.ForkedBooter.invokeProviderInSameClassLoader(ForkedBooter.java:203) [surefire-booter-2.18.1.jar:2.18.1]
	at org.apache.maven.surefire.booter.ForkedBooter.runSuitesInProcess(ForkedBooter.java:155) [surefire-booter-2.18.1.jar:2.18.1]
	at org.apache.maven.surefire.booter.ForkedBooter.main(ForkedBooter.java:103) [surefire-booter-2.18.1.jar:2.18.1]
Caused by: org.springframework.beans.factory.BeanCreationException: Could not autowire field: public java.util.Map de.evoila.cf.cpi.openstack.custom.OpenstackPlatformServiceTest.customProperties; nested exception is org.springframework.beans.factory.NoSuchBeanDefinitionException: No qualifying bean of type [java.lang.String] found for dependency [map with value type java.lang.String]: expected at least 1 bean which qualifies as autowire candidate for this dependency. Dependency annotations: {@org.springframework.beans.factory.annotation.Autowired(required=true)}
	at org.springframework.beans.factory.annotation.AutowiredAnnotationBeanPostProcessor$AutowiredFieldElement.inject(AutowiredAnnotationBeanPostProcessor.java:573) ~[spring-beans-4.2.3.RELEASE.jar:4.2.3.RELEASE]
	at org.springframework.beans.factory.annotation.InjectionMetadata.inject(InjectionMetadata.java:88) ~[spring-beans-4.2.3.RELEASE.jar:4.2.3.RELEASE]
	at org.springframework.beans.factory.annotation.AutowiredAnnotationBeanPostProcessor.postProcessPropertyValues(AutowiredAnnotationBeanPostProcessor.java:331) ~[spring-beans-4.2.3.RELEASE.jar:4.2.3.RELEASE]
	... 27 common frames omitted
Caused by: org.springframework.beans.factory.NoSuchBeanDefinitionException: No qualifying bean of type [java.lang.String] found for dependency [map with value type java.lang.String]: expected at least 1 bean which qualifies as autowire candidate for this dependency. Dependency annotations: {@org.springframework.beans.factory.annotation.Autowired(required=true)}
	at org.springframework.beans.factory.support.DefaultListableBeanFactory.raiseNoSuchBeanDefinitionException(DefaultListableBeanFactory.java:1373) ~[spring-beans-4.2.3.RELEASE.jar:4.2.3.RELEASE]
	at org.springframework.beans.factory.support.DefaultListableBeanFactory.doResolveDependency(DefaultListableBeanFactory.java:1106) ~[spring-beans-4.2.3.RELEASE.jar:4.2.3.RELEASE]
	at org.springframework.beans.factory.support.DefaultListableBeanFactory.resolveDependency(DefaultListableBeanFactory.java:1014) ~[spring-beans-4.2.3.RELEASE.jar:4.2.3.RELEASE]
	at org.springframework.beans.factory.annotation.AutowiredAnnotationBeanPostProcessor$AutowiredFieldElement.inject(AutowiredAnnotationBeanPostProcessor.java:545) ~[spring-beans-4.2.3.RELEASE.jar:4.2.3.RELEASE]
	... 29 common frames omitted
2016-06-06 11:24:03,903 ERROR [main] o.s.t.c.TestContextManager [TestContextManager.java:231] Caught exception while allowing TestExecutionListener [org.springframework.test.context.support.DependencyInjectionTestExecutionListener@2d127a61] to prepare test instance [de.evoila.cf.cpi.openstack.custom.OpenstackPlatformServiceTest@72889280]
org.springframework.beans.factory.BeanCreationException: Error creating bean with name 'de.evoila.cf.cpi.openstack.custom.OpenstackPlatformServiceTest': Injection of autowired dependencies failed; nested exception is org.springframework.beans.factory.BeanCreationException: Could not autowire field: public java.util.Map de.evoila.cf.cpi.openstack.custom.OpenstackPlatformServiceTest.customProperties; nested exception is org.springframework.beans.factory.NoSuchBeanDefinitionException: No qualifying bean of type [java.lang.String] found for dependency [map with value type java.lang.String]: expected at least 1 bean which qualifies as autowire candidate for this dependency. Dependency annotations: {@org.springframework.beans.factory.annotation.Autowired(required=true)}
	at org.springframework.beans.factory.annotation.AutowiredAnnotationBeanPostProcessor.postProcessPropertyValues(AutowiredAnnotationBeanPostProcessor.java:334) ~[spring-beans-4.2.3.RELEASE.jar:4.2.3.RELEASE]
	at org.springframework.beans.factory.support.AbstractAutowireCapableBeanFactory.populateBean(AbstractAutowireCapableBeanFactory.java:1214) ~[spring-beans-4.2.3.RELEASE.jar:4.2.3.RELEASE]
	at org.springframework.beans.factory.support.AbstractAutowireCapableBeanFactory.autowireBeanProperties(AbstractAutowireCapableBeanFactory.java:385) ~[spring-beans-4.2.3.RELEASE.jar:4.2.3.RELEASE]
	at org.springframework.test.context.support.DependencyInjectionTestExecutionListener.injectDependencies(DependencyInjectionTestExecutionListener.java:118) ~[spring-test-4.2.3.RELEASE.jar:4.2.3.RELEASE]
	at org.springframework.test.context.support.DependencyInjectionTestExecutionListener.prepareTestInstance(DependencyInjectionTestExecutionListener.java:83) ~[spring-test-4.2.3.RELEASE.jar:4.2.3.RELEASE]
	at org.springframework.test.context.TestContextManager.prepareTestInstance(TestContextManager.java:228) ~[spring-test-4.2.3.RELEASE.jar:4.2.3.RELEASE]
	at org.springframework.test.context.junit4.SpringJUnit4ClassRunner.createTest(SpringJUnit4ClassRunner.java:230) [spring-test-4.2.3.RELEASE.jar:4.2.3.RELEASE]
	at org.springframework.test.context.junit4.SpringJUnit4ClassRunner$1.runReflectiveCall(SpringJUnit4ClassRunner.java:289) [spring-test-4.2.3.RELEASE.jar:4.2.3.RELEASE]
	at org.junit.internal.runners.model.ReflectiveCallable.run(ReflectiveCallable.java:12) [junit-4.12.jar:4.12]
	at org.springframework.test.context.junit4.SpringJUnit4ClassRunner.methodBlock(SpringJUnit4ClassRunner.java:291) [spring-test-4.2.3.RELEASE.jar:4.2.3.RELEASE]
	at org.springframework.test.context.junit4.SpringJUnit4ClassRunner.runChild(SpringJUnit4ClassRunner.java:249) [spring-test-4.2.3.RELEASE.jar:4.2.3.RELEASE]
	at org.springframework.test.context.junit4.SpringJUnit4ClassRunner.runChild(SpringJUnit4ClassRunner.java:89) [spring-test-4.2.3.RELEASE.jar:4.2.3.RELEASE]
	at org.junit.runners.ParentRunner$3.run(ParentRunner.java:290) [junit-4.12.jar:4.12]
	at org.junit.runners.ParentRunner$1.schedule(ParentRunner.java:71) [junit-4.12.jar:4.12]
	at org.junit.runners.ParentRunner.runChildren(ParentRunner.java:288) [junit-4.12.jar:4.12]
	at org.junit.runners.ParentRunner.access$000(ParentRunner.java:58) [junit-4.12.jar:4.12]
	at org.junit.runners.ParentRunner$2.evaluate(ParentRunner.java:268) [junit-4.12.jar:4.12]
	at org.springframework.test.context.junit4.statements.RunBeforeTestClassCallbacks.evaluate(RunBeforeTestClassCallbacks.java:61) [spring-test-4.2.3.RELEASE.jar:4.2.3.RELEASE]
	at org.springframework.test.context.junit4.statements.RunAfterTestClassCallbacks.evaluate(RunAfterTestClassCallbacks.java:70) [spring-test-4.2.3.RELEASE.jar:4.2.3.RELEASE]
	at org.junit.runners.ParentRunner.run(ParentRunner.java:363) [junit-4.12.jar:4.12]
	at org.springframework.test.context.junit4.SpringJUnit4ClassRunner.run(SpringJUnit4ClassRunner.java:193) [spring-test-4.2.3.RELEASE.jar:4.2.3.RELEASE]
	at org.apache.maven.surefire.junit4.JUnit4Provider.execute(JUnit4Provider.java:283) [surefire-junit4-2.18.1.jar:2.18.1]
	at org.apache.maven.surefire.junit4.JUnit4Provider.executeWithRerun(JUnit4Provider.java:173) [surefire-junit4-2.18.1.jar:2.18.1]
	at org.apache.maven.surefire.junit4.JUnit4Provider.executeTestSet(JUnit4Provider.java:153) [surefire-junit4-2.18.1.jar:2.18.1]
	at org.apache.maven.surefire.junit4.JUnit4Provider.invoke(JUnit4Provider.java:128) [surefire-junit4-2.18.1.jar:2.18.1]
	at org.apache.maven.surefire.booter.ForkedBooter.invokeProviderInSameClassLoader(ForkedBooter.java:203) [surefire-booter-2.18.1.jar:2.18.1]
	at org.apache.maven.surefire.booter.ForkedBooter.runSuitesInProcess(ForkedBooter.java:155) [surefire-booter-2.18.1.jar:2.18.1]
	at org.apache.maven.surefire.booter.ForkedBooter.main(ForkedBooter.java:103) [surefire-booter-2.18.1.jar:2.18.1]
Caused by: org.springframework.beans.factory.BeanCreationException: Could not autowire field: public java.util.Map de.evoila.cf.cpi.openstack.custom.OpenstackPlatformServiceTest.customProperties; nested exception is org.springframework.beans.factory.NoSuchBeanDefinitionException: No qualifying bean of type [java.lang.String] found for dependency [map with value type java.lang.String]: expected at least 1 bean which qualifies as autowire candidate for this dependency. Dependency annotations: {@org.springframework.beans.factory.annotation.Autowired(required=true)}
	at org.springframework.beans.factory.annotation.AutowiredAnnotationBeanPostProcessor$AutowiredFieldElement.inject(AutowiredAnnotationBeanPostProcessor.java:573) ~[spring-beans-4.2.3.RELEASE.jar:4.2.3.RELEASE]
	at org.springframework.beans.factory.annotation.InjectionMetadata.inject(InjectionMetadata.java:88) ~[spring-beans-4.2.3.RELEASE.jar:4.2.3.RELEASE]
	at org.springframework.beans.factory.annotation.AutowiredAnnotationBeanPostProcessor.postProcessPropertyValues(AutowiredAnnotationBeanPostProcessor.java:331) ~[spring-beans-4.2.3.RELEASE.jar:4.2.3.RELEASE]
	... 27 common frames omitted
Caused by: org.springframework.beans.factory.NoSuchBeanDefinitionException: No qualifying bean of type [java.lang.String] found for dependency [map with value type java.lang.String]: expected at least 1 bean which qualifies as autowire candidate for this dependency. Dependency annotations: {@org.springframework.beans.factory.annotation.Autowired(required=true)}
	at org.springframework.beans.factory.support.DefaultListableBeanFactory.raiseNoSuchBeanDefinitionException(DefaultListableBeanFactory.java:1373) ~[spring-beans-4.2.3.RELEASE.jar:4.2.3.RELEASE]
	at org.springframework.beans.factory.support.DefaultListableBeanFactory.doResolveDependency(DefaultListableBeanFactory.java:1106) ~[spring-beans-4.2.3.RELEASE.jar:4.2.3.RELEASE]
	at org.springframework.beans.factory.support.DefaultListableBeanFactory.resolveDependency(DefaultListableBeanFactory.java:1014) ~[spring-beans-4.2.3.RELEASE.jar:4.2.3.RELEASE]
	at org.springframework.beans.factory.annotation.AutowiredAnnotationBeanPostProcessor$AutowiredFieldElement.inject(AutowiredAnnotationBeanPostProcessor.java:545) ~[spring-beans-4.2.3.RELEASE.jar:4.2.3.RELEASE]
	... 29 common frames omitted
2016-06-06 11:24:03,920 ERROR [main] o.s.t.c.TestContextManager [TestContextManager.java:231] Caught exception while allowing TestExecutionListener [org.springframework.test.context.support.DependencyInjectionTestExecutionListener@2d127a61] to prepare test instance [de.evoila.cf.cpi.openstack.custom.OpenstackPlatformServiceTest@606fc505]
org.springframework.beans.factory.BeanCreationException: Error creating bean with name 'de.evoila.cf.cpi.openstack.custom.OpenstackPlatformServiceTest': Injection of autowired dependencies failed; nested exception is org.springframework.beans.factory.BeanCreationException: Could not autowire field: public java.util.Map de.evoila.cf.cpi.openstack.custom.OpenstackPlatformServiceTest.customProperties; nested exception is org.springframework.beans.factory.NoSuchBeanDefinitionException: No qualifying bean of type [java.lang.String] found for dependency [map with value type java.lang.String]: expected at least 1 bean which qualifies as autowire candidate for this dependency. Dependency annotations: {@org.springframework.beans.factory.annotation.Autowired(required=true)}
	at org.springframework.beans.factory.annotation.AutowiredAnnotationBeanPostProcessor.postProcessPropertyValues(AutowiredAnnotationBeanPostProcessor.java:334) ~[spring-beans-4.2.3.RELEASE.jar:4.2.3.RELEASE]
	at org.springframework.beans.factory.support.AbstractAutowireCapableBeanFactory.populateBean(AbstractAutowireCapableBeanFactory.java:1214) ~[spring-beans-4.2.3.RELEASE.jar:4.2.3.RELEASE]
	at org.springframework.beans.factory.support.AbstractAutowireCapableBeanFactory.autowireBeanProperties(AbstractAutowireCapableBeanFactory.java:385) ~[spring-beans-4.2.3.RELEASE.jar:4.2.3.RELEASE]
	at org.springframework.test.context.support.DependencyInjectionTestExecutionListener.injectDependencies(DependencyInjectionTestExecutionListener.java:118) ~[spring-test-4.2.3.RELEASE.jar:4.2.3.RELEASE]
	at org.springframework.test.context.support.DependencyInjectionTestExecutionListener.prepareTestInstance(DependencyInjectionTestExecutionListener.java:83) ~[spring-test-4.2.3.RELEASE.jar:4.2.3.RELEASE]
	at org.springframework.test.context.TestContextManager.prepareTestInstance(TestContextManager.java:228) ~[spring-test-4.2.3.RELEASE.jar:4.2.3.RELEASE]
	at org.springframework.test.context.junit4.SpringJUnit4ClassRunner.createTest(SpringJUnit4ClassRunner.java:230) [spring-test-4.2.3.RELEASE.jar:4.2.3.RELEASE]
	at org.springframework.test.context.junit4.SpringJUnit4ClassRunner$1.runReflectiveCall(SpringJUnit4ClassRunner.java:289) [spring-test-4.2.3.RELEASE.jar:4.2.3.RELEASE]
	at org.junit.internal.runners.model.ReflectiveCallable.run(ReflectiveCallable.java:12) [junit-4.12.jar:4.12]
	at org.springframework.test.context.junit4.SpringJUnit4ClassRunner.methodBlock(SpringJUnit4ClassRunner.java:291) [spring-test-4.2.3.RELEASE.jar:4.2.3.RELEASE]
	at org.springframework.test.context.junit4.SpringJUnit4ClassRunner.runChild(SpringJUnit4ClassRunner.java:249) [spring-test-4.2.3.RELEASE.jar:4.2.3.RELEASE]
	at org.springframework.test.context.junit4.SpringJUnit4ClassRunner.runChild(SpringJUnit4ClassRunner.java:89) [spring-test-4.2.3.RELEASE.jar:4.2.3.RELEASE]
	at org.junit.runners.ParentRunner$3.run(ParentRunner.java:290) [junit-4.12.jar:4.12]
	at org.junit.runners.ParentRunner$1.schedule(ParentRunner.java:71) [junit-4.12.jar:4.12]
	at org.junit.runners.ParentRunner.runChildren(ParentRunner.java:288) [junit-4.12.jar:4.12]
	at org.junit.runners.ParentRunner.access$000(ParentRunner.java:58) [junit-4.12.jar:4.12]
	at org.junit.runners.ParentRunner$2.evaluate(ParentRunner.java:268) [junit-4.12.jar:4.12]
	at org.springframework.test.context.junit4.statements.RunBeforeTestClassCallbacks.evaluate(RunBeforeTestClassCallbacks.java:61) [spring-test-4.2.3.RELEASE.jar:4.2.3.RELEASE]
	at org.springframework.test.context.junit4.statements.RunAfterTestClassCallbacks.evaluate(RunAfterTestClassCallbacks.java:70) [spring-test-4.2.3.RELEASE.jar:4.2.3.RELEASE]
	at org.junit.runners.ParentRunner.run(ParentRunner.java:363) [junit-4.12.jar:4.12]
	at org.springframework.test.context.junit4.SpringJUnit4ClassRunner.run(SpringJUnit4ClassRunner.java:193) [spring-test-4.2.3.RELEASE.jar:4.2.3.RELEASE]
	at org.apache.maven.surefire.junit4.JUnit4Provider.execute(JUnit4Provider.java:283) [surefire-junit4-2.18.1.jar:2.18.1]
	at org.apache.maven.surefire.junit4.JUnit4Provider.executeWithRerun(JUnit4Provider.java:173) [surefire-junit4-2.18.1.jar:2.18.1]
	at org.apache.maven.surefire.junit4.JUnit4Provider.executeTestSet(JUnit4Provider.java:153) [surefire-junit4-2.18.1.jar:2.18.1]
	at org.apache.maven.surefire.junit4.JUnit4Provider.invoke(JUnit4Provider.java:128) [surefire-junit4-2.18.1.jar:2.18.1]
	at org.apache.maven.surefire.booter.ForkedBooter.invokeProviderInSameClassLoader(ForkedBooter.java:203) [surefire-booter-2.18.1.jar:2.18.1]
	at org.apache.maven.surefire.booter.ForkedBooter.runSuitesInProcess(ForkedBooter.java:155) [surefire-booter-2.18.1.jar:2.18.1]
	at org.apache.maven.surefire.booter.ForkedBooter.main(ForkedBooter.java:103) [surefire-booter-2.18.1.jar:2.18.1]
Caused by: org.springframework.beans.factory.BeanCreationException: Could not autowire field: public java.util.Map de.evoila.cf.cpi.openstack.custom.OpenstackPlatformServiceTest.customProperties; nested exception is org.springframework.beans.factory.NoSuchBeanDefinitionException: No qualifying bean of type [java.lang.String] found for dependency [map with value type java.lang.String]: expected at least 1 bean which qualifies as autowire candidate for this dependency. Dependency annotations: {@org.springframework.beans.factory.annotation.Autowired(required=true)}
	at org.springframework.beans.factory.annotation.AutowiredAnnotationBeanPostProcessor$AutowiredFieldElement.inject(AutowiredAnnotationBeanPostProcessor.java:573) ~[spring-beans-4.2.3.RELEASE.jar:4.2.3.RELEASE]
	at org.springframework.beans.factory.annotation.InjectionMetadata.inject(InjectionMetadata.java:88) ~[spring-beans-4.2.3.RELEASE.jar:4.2.3.RELEASE]
	at org.springframework.beans.factory.annotation.AutowiredAnnotationBeanPostProcessor.postProcessPropertyValues(AutowiredAnnotationBeanPostProcessor.java:331) ~[spring-beans-4.2.3.RELEASE.jar:4.2.3.RELEASE]
	... 27 common frames omitted
Caused by: org.springframework.beans.factory.NoSuchBeanDefinitionException: No qualifying bean of type [java.lang.String] found for dependency [map with value type java.lang.String]: expected at least 1 bean which qualifies as autowire candidate for this dependency. Dependency annotations: {@org.springframework.beans.factory.annotation.Autowired(required=true)}
	at org.springframework.beans.factory.support.DefaultListableBeanFactory.raiseNoSuchBeanDefinitionException(DefaultListableBeanFactory.java:1373) ~[spring-beans-4.2.3.RELEASE.jar:4.2.3.RELEASE]
	at org.springframework.beans.factory.support.DefaultListableBeanFactory.doResolveDependency(DefaultListableBeanFactory.java:1106) ~[spring-beans-4.2.3.RELEASE.jar:4.2.3.RELEASE]
	at org.springframework.beans.factory.support.DefaultListableBeanFactory.resolveDependency(DefaultListableBeanFactory.java:1014) ~[spring-beans-4.2.3.RELEASE.jar:4.2.3.RELEASE]
	at org.springframework.beans.factory.annotation.AutowiredAnnotationBeanPostProcessor$AutowiredFieldElement.inject(AutowiredAnnotationBeanPostProcessor.java:545) ~[spring-beans-4.2.3.RELEASE.jar:4.2.3.RELEASE]
	... 29 common frames omitted
2016-06-06 11:24:04,028 ERROR [main] o.s.t.c.TestContextManager [TestContextManager.java:231] Caught exception while allowing TestExecutionListener [org.springframework.test.context.support.DependencyInjectionTestExecutionListener@2d127a61] to prepare test instance [de.evoila.cf.cpi.openstack.custom.OpenstackPlatformServiceTest@4aa3d36]
org.springframework.beans.factory.BeanCreationException: Error creating bean with name 'de.evoila.cf.cpi.openstack.custom.OpenstackPlatformServiceTest': Injection of autowired dependencies failed; nested exception is org.springframework.beans.factory.BeanCreationException: Could not autowire field: public java.util.Map de.evoila.cf.cpi.openstack.custom.OpenstackPlatformServiceTest.customProperties; nested exception is org.springframework.beans.factory.NoSuchBeanDefinitionException: No qualifying bean of type [java.lang.String] found for dependency [map with value type java.lang.String]: expected at least 1 bean which qualifies as autowire candidate for this dependency. Dependency annotations: {@org.springframework.beans.factory.annotation.Autowired(required=true)}
	at org.springframework.beans.factory.annotation.AutowiredAnnotationBeanPostProcessor.postProcessPropertyValues(AutowiredAnnotationBeanPostProcessor.java:334) ~[spring-beans-4.2.3.RELEASE.jar:4.2.3.RELEASE]
	at org.springframework.beans.factory.support.AbstractAutowireCapableBeanFactory.populateBean(AbstractAutowireCapableBeanFactory.java:1214) ~[spring-beans-4.2.3.RELEASE.jar:4.2.3.RELEASE]
	at org.springframework.beans.factory.support.AbstractAutowireCapableBeanFactory.autowireBeanProperties(AbstractAutowireCapableBeanFactory.java:385) ~[spring-beans-4.2.3.RELEASE.jar:4.2.3.RELEASE]
	at org.springframework.test.context.support.DependencyInjectionTestExecutionListener.injectDependencies(DependencyInjectionTestExecutionListener.java:118) ~[spring-test-4.2.3.RELEASE.jar:4.2.3.RELEASE]
	at org.springframework.test.context.support.DependencyInjectionTestExecutionListener.prepareTestInstance(DependencyInjectionTestExecutionListener.java:83) ~[spring-test-4.2.3.RELEASE.jar:4.2.3.RELEASE]
	at org.springframework.test.context.TestContextManager.prepareTestInstance(TestContextManager.java:228) ~[spring-test-4.2.3.RELEASE.jar:4.2.3.RELEASE]
	at org.springframework.test.context.junit4.SpringJUnit4ClassRunner.createTest(SpringJUnit4ClassRunner.java:230) [spring-test-4.2.3.RELEASE.jar:4.2.3.RELEASE]
	at org.springframework.test.context.junit4.SpringJUnit4ClassRunner$1.runReflectiveCall(SpringJUnit4ClassRunner.java:289) [spring-test-4.2.3.RELEASE.jar:4.2.3.RELEASE]
	at org.junit.internal.runners.model.ReflectiveCallable.run(ReflectiveCallable.java:12) [junit-4.12.jar:4.12]
	at org.springframework.test.context.junit4.SpringJUnit4ClassRunner.methodBlock(SpringJUnit4ClassRunner.java:291) [spring-test-4.2.3.RELEASE.jar:4.2.3.RELEASE]
	at org.springframework.test.context.junit4.SpringJUnit4ClassRunner.runChild(SpringJUnit4ClassRunner.java:249) [spring-test-4.2.3.RELEASE.jar:4.2.3.RELEASE]
	at org.springframework.test.context.junit4.SpringJUnit4ClassRunner.runChild(SpringJUnit4ClassRunner.java:89) [spring-test-4.2.3.RELEASE.jar:4.2.3.RELEASE]
	at org.junit.runners.ParentRunner$3.run(ParentRunner.java:290) [junit-4.12.jar:4.12]
	at org.junit.runners.ParentRunner$1.schedule(ParentRunner.java:71) [junit-4.12.jar:4.12]
	at org.junit.runners.ParentRunner.runChildren(ParentRunner.java:288) [junit-4.12.jar:4.12]
	at org.junit.runners.ParentRunner.access$000(ParentRunner.java:58) [junit-4.12.jar:4.12]
	at org.junit.runners.ParentRunner$2.evaluate(ParentRunner.java:268) [junit-4.12.jar:4.12]
	at org.springframework.test.context.junit4.statements.RunBeforeTestClassCallbacks.evaluate(RunBeforeTestClassCallbacks.java:61) [spring-test-4.2.3.RELEASE.jar:4.2.3.RELEASE]
	at org.springframework.test.context.junit4.statements.RunAfterTestClassCallbacks.evaluate(RunAfterTestClassCallbacks.java:70) [spring-test-4.2.3.RELEASE.jar:4.2.3.RELEASE]
	at org.junit.runners.ParentRunner.run(ParentRunner.java:363) [junit-4.12.jar:4.12]
	at org.springframework.test.context.junit4.SpringJUnit4ClassRunner.run(SpringJUnit4ClassRunner.java:193) [spring-test-4.2.3.RELEASE.jar:4.2.3.RELEASE]
	at org.apache.maven.surefire.junit4.JUnit4Provider.execute(JUnit4Provider.java:283) [surefire-junit4-2.18.1.jar:2.18.1]
	at org.apache.maven.surefire.junit4.JUnit4Provider.executeWithRerun(JUnit4Provider.java:173) [surefire-junit4-2.18.1.jar:2.18.1]
	at org.apache.maven.surefire.junit4.JUnit4Provider.executeTestSet(JUnit4Provider.java:153) [surefire-junit4-2.18.1.jar:2.18.1]
	at org.apache.maven.surefire.junit4.JUnit4Provider.invoke(JUnit4Provider.java:128) [surefire-junit4-2.18.1.jar:2.18.1]
	at org.apache.maven.surefire.booter.ForkedBooter.invokeProviderInSameClassLoader(ForkedBooter.java:203) [surefire-booter-2.18.1.jar:2.18.1]
	at org.apache.maven.surefire.booter.ForkedBooter.runSuitesInProcess(ForkedBooter.java:155) [surefire-booter-2.18.1.jar:2.18.1]
	at org.apache.maven.surefire.booter.ForkedBooter.main(ForkedBooter.java:103) [surefire-booter-2.18.1.jar:2.18.1]
Caused by: org.springframework.beans.factory.BeanCreationException: Could not autowire field: public java.util.Map de.evoila.cf.cpi.openstack.custom.OpenstackPlatformServiceTest.customProperties; nested exception is org.springframework.beans.factory.NoSuchBeanDefinitionException: No qualifying bean of type [java.lang.String] found for dependency [map with value type java.lang.String]: expected at least 1 bean which qualifies as autowire candidate for this dependency. Dependency annotations: {@org.springframework.beans.factory.annotation.Autowired(required=true)}
	at org.springframework.beans.factory.annotation.AutowiredAnnotationBeanPostProcessor$AutowiredFieldElement.inject(AutowiredAnnotationBeanPostProcessor.java:573) ~[spring-beans-4.2.3.RELEASE.jar:4.2.3.RELEASE]
	at org.springframework.beans.factory.annotation.InjectionMetadata.inject(InjectionMetadata.java:88) ~[spring-beans-4.2.3.RELEASE.jar:4.2.3.RELEASE]
	at org.springframework.beans.factory.annotation.AutowiredAnnotationBeanPostProcessor.postProcessPropertyValues(AutowiredAnnotationBeanPostProcessor.java:331) ~[spring-beans-4.2.3.RELEASE.jar:4.2.3.RELEASE]
	... 27 common frames omitted
Caused by: org.springframework.beans.factory.NoSuchBeanDefinitionException: No qualifying bean of type [java.lang.String] found for dependency [map with value type java.lang.String]: expected at least 1 bean which qualifies as autowire candidate for this dependency. Dependency annotations: {@org.springframework.beans.factory.annotation.Autowired(required=true)}
	at org.springframework.beans.factory.support.DefaultListableBeanFactory.raiseNoSuchBeanDefinitionException(DefaultListableBeanFactory.java:1373) ~[spring-beans-4.2.3.RELEASE.jar:4.2.3.RELEASE]
	at org.springframework.beans.factory.support.DefaultListableBeanFactory.doResolveDependency(DefaultListableBeanFactory.java:1106) ~[spring-beans-4.2.3.RELEASE.jar:4.2.3.RELEASE]
	at org.springframework.beans.factory.support.DefaultListableBeanFactory.resolveDependency(DefaultListableBeanFactory.java:1014) ~[spring-beans-4.2.3.RELEASE.jar:4.2.3.RELEASE]
	at org.springframework.beans.factory.annotation.AutowiredAnnotationBeanPostProcessor$AutowiredFieldElement.inject(AutowiredAnnotationBeanPostProcessor.java:545) ~[spring-beans-4.2.3.RELEASE.jar:4.2.3.RELEASE]
	... 29 common frames omitted
2016-06-06 11:24:04,099 INFO [main] d.e.c.c.o.f.c.OpenstackConnectionFactory [OpenstackConnectionFactory.java:55] Initializing Provider:openstack-fluent--provider
2016-06-06 11:24:05,448 INFO [main] d.e.c.c.o.f.c.OpenstackConnectionFactory [OpenstackConnectionFactory.java:55] Initializing Provider:openstack-fluent--provider
2016-06-06 11:24:06,738 INFO [main] d.e.c.c.o.f.c.OpenstackConnectionFactory [OpenstackConnectionFactory.java:55] Initializing Provider:openstack-fluent--provider
2016-06-06 11:24:08,094 INFO [main] d.e.c.c.o.f.c.OpenstackConnectionFactory [OpenstackConnectionFactory.java:55] Initializing Provider:openstack-fluent--provider
2016-06-06 11:24:09,283 INFO [main] d.e.c.c.o.f.c.OpenstackConnectionFactory [OpenstackConnectionFactory.java:77] Initializing Provider:openstack-fluent--provider
2016-06-06 11:24:10,701 INFO [main] d.e.c.c.o.f.c.OpenstackConnectionFactory [OpenstackConnectionFactory.java:55] Initializing Provider:openstack-fluent--provider
2016-06-06 11:24:11,863 INFO [main] d.e.c.c.o.f.c.OpenstackConnectionFactory [OpenstackConnectionFactory.java:55] Initializing Provider:openstack-fluent--provider
2016-06-06 11:24:12,979 INFO [Thread-1] o.s.c.s.GenericApplicationContext [AbstractApplicationContext.java:957] Closing org.springframework.context.support.GenericApplicationContext@7bc1a03d: startup date [Mon Jun 06 11:23:59 CEST 2016]; root of context hierarchy
